2025-10-20 13:15:50.495012 INFO::Writing function arguments to log file
2025-10-20 13:15:50.497241 DEBUG::Function arguments
2025-10-20 13:15:50.49859 DEBUG::Output folder: .tmp.family.amplicon_dmm_output
2025-10-20 13:15:50.499814 DEBUG::Formula: ~ DMM
2025-10-20 13:15:50.501088 DEBUG::Fixed effects:
2025-10-20 13:15:50.502143 DEBUG::Reference:
2025-10-20 13:15:50.503228 DEBUG::Random effects:
2025-10-20 13:15:50.50446 DEBUG::Group effects:
2025-10-20 13:15:50.505816 DEBUG::Ordered effects:
2025-10-20 13:15:50.507204 DEBUG::Strata effects:
2025-10-20 13:15:50.508498 DEBUG::Min Abundance: 0.000000
2025-10-20 13:15:50.509699 DEBUG::Min Prevalence: 0.000000
2025-10-20 13:15:50.511027 DEBUG::Zero Threshold: 0.000000
2025-10-20 13:15:50.519408 DEBUG::Min variance: 0.000000
2025-10-20 13:15:50.520583 DEBUG::Max significance: 0.100000
2025-10-20 13:15:50.521582 DEBUG::Normalization: TSS
2025-10-20 13:15:50.522647 DEBUG::Transform: LOG
2025-10-20 13:15:50.523668 DEBUG::Correction method: BH
2025-10-20 13:15:50.5248 DEBUG::Standardize: TRUE
2025-10-20 13:15:50.525838 DEBUG::Abundance median comparison: TRUE
2025-10-20 13:15:50.526816 DEBUG::Prevalence median comparison: FALSE
2025-10-20 13:15:50.527836 DEBUG::Abundance median comparison threshold: 0
2025-10-20 13:15:50.52887 DEBUG::Prevalence median comparison threshold: 0
2025-10-20 13:15:50.529898 DEBUG::Subtract median: FALSE
2025-10-20 13:15:50.530982 DEBUG::Warn prevalence: TRUE
2025-10-20 13:15:50.53229 DEBUG::Small random effects: FALSE
2025-10-20 13:15:50.533913 DEBUG::Augment: TRUE
2025-10-20 13:15:50.535579 DEBUG::Evaluate only:
2025-10-20 13:15:50.537271 DEBUG::Cores: 1
2025-10-20 13:15:50.538365 DEBUG::Balanced Summary plot: FALSE
2025-10-20 13:15:50.539357 INFO::Verifying options selected are valid
2025-10-20 13:15:50.541164 WARNING::Input is a matrix,
                        passing through as.data.frame() .
2025-10-20 13:15:50.54375 INFO::Determining format of input files
2025-10-20 13:15:50.545785 INFO::Input format is data samples as columns and metadata samples as rows
2025-10-20 13:15:50.548575 DEBUG::Transformed data so samples are rows
2025-10-20 13:15:50.549883 DEBUG::A total of 156 samples were found in both the data and metadata
2025-10-20 13:15:50.551058 DEBUG::Reordering data/metadata to use same sample ordering
2025-10-20 13:15:50.552792 INFO::Running selected normalization method: TSS
2025-10-20 13:15:50.556283 INFO::Creating output feature tables folder
2025-10-20 13:15:50.558624 INFO::Writing normalized data to file .tmp.family.amplicon_dmm_output/features/data_norm.tsv
2025-10-20 13:15:50.580378 INFO::Filter data based on min abundance and min prevalence
2025-10-20 13:15:50.582967 INFO::Total samples in data: 156
2025-10-20 13:15:50.585216 INFO::Min samples required with min abundance for a feature not to be filtered: 0.000000
2025-10-20 13:15:50.590588 INFO::Total filtered features: 0
2025-10-20 13:15:50.592587 INFO::Filtered feature names from abundance and prevalence filtering:
2025-10-20 13:15:50.595174 INFO::Total features filtered by non-zero variance filtering: 0
2025-10-20 13:15:50.597387 INFO::Filtered feature names from variance filtering:
2025-10-20 13:15:50.599375 INFO::Writing filtered data to file .tmp.family.amplicon_dmm_output/features/filtered_data.tsv
2025-10-20 13:15:50.619085 INFO::Running selected transform method: LOG
2025-10-20 13:15:50.622891 INFO::Writing normalized, filtered, transformed data to file .tmp.family.amplicon_dmm_output/features/data_transformed.tsv
2025-10-20 13:15:50.645597 INFO::Factor detected for categorial metadata 'DMM'. Using as-is.
2025-10-20 13:15:50.647376 INFO::Applying z-score to standardize continuous metadata
2025-10-20 13:15:50.654487 INFO::Running the linear model component
2025-10-20 13:15:50.667043 DEBUG::Object: augment, Size: 56
2025-10-20 13:15:50.668649 DEBUG::Object: cluster, Size: 0
2025-10-20 13:15:50.670095 DEBUG::Object: cores, Size: 56
2025-10-20 13:15:50.671532 DEBUG::Object: correction, Size: 112
2025-10-20 13:15:50.67298 DEBUG::Object: extract_out, Size: 1136
2025-10-20 13:15:50.674521 DEBUG::Object: feature_specific_covariate, Size: 0
2025-10-20 13:15:50.675998 DEBUG::Object: feature_specific_covariate_name, Size: 0
2025-10-20 13:15:50.67744 DEBUG::Object: feature_specific_covariate_record, Size: 0
2025-10-20 13:15:50.678775 DEBUG::Object: features, Size: 53408
2025-10-20 13:15:50.67992 DEBUG::Object: formula, Size: 728
2025-10-20 13:15:50.681029 DEBUG::Object: fun_list, Size: 58768
2025-10-20 13:15:50.682448 DEBUG::Object: func_to_run, Size: 435336
2025-10-20 13:15:50.683593 DEBUG::Object: groups, Size: 48
2025-10-20 13:15:50.684657 DEBUG::Object: median_comparison, Size: 56
2025-10-20 13:15:50.685709 DEBUG::Object: median_comparison_threshold, Size: 56
2025-10-20 13:15:50.686827 DEBUG::Object: metadata, Size: 21688
2025-10-20 13:15:50.68791 DEBUG::Object: model, Size: 112
2025-10-20 13:15:50.688993 DEBUG::Object: model_function, Size: 8864
2025-10-20 13:15:50.690121 DEBUG::Object: ordereds, Size: 48
2025-10-20 13:15:50.691318 DEBUG::Object: random_effects_formula, Size: 0
2025-10-20 13:15:50.692572 DEBUG::Object: ranef_function, Size: 0
2025-10-20 13:15:50.693724 DEBUG::Object: save_models, Size: 56
2025-10-20 13:15:50.694824 DEBUG::Object: small_random_effects, Size: 56
2025-10-20 13:15:50.695929 DEBUG::Object: strata, Size: 48
2025-10-20 13:15:50.696988 DEBUG::Object: subtract_median, Size: 56
2025-10-20 13:15:50.69868 DEBUG::Object: summary_function, Size: 49424
2025-10-20 13:15:50.700531 DEBUG::Object: func_to_run, Size: 435336
2025-10-20 13:15:50.702121 INFO::Fitting model to feature number 1, Alcaligenaceae
2025-10-20 13:15:50.709741 INFO::Fitting model to feature number 2, Bacteroidaceae
2025-10-20 13:15:50.71616 INFO::Fitting model to feature number 3, Bifidobacteriaceae
2025-10-20 13:15:50.722552 INFO::Fitting model to feature number 4, Burkholderiaceae
2025-10-20 13:15:50.726577 INFO::Fitting model to feature number 5, Christensenellaceae
2025-10-20 13:15:50.733741 INFO::Fitting model to feature number 6, Clostridiaceae
2025-10-20 13:15:50.739905 INFO::Fitting model to feature number 7, Coriobacteriaceae
2025-10-20 13:15:50.745804 INFO::Fitting model to feature number 8, Desulfovibrionaceae
2025-10-20 13:15:50.752281 INFO::Fitting model to feature number 9, Enterobacteriaceae
2025-10-20 13:15:50.75822 INFO::Fitting model to feature number 10, Erysipelotrichaceae
2025-10-20 13:15:50.764502 INFO::Fitting model to feature number 11, Fusobacteriaceae
2025-10-20 13:15:50.772904 INFO::Fitting model to feature number 12, Lachnospiraceae
2025-10-20 13:15:50.781968 INFO::Fitting model to feature number 13, Methanobacteriaceae
2025-10-20 13:15:50.791587 INFO::Fitting model to feature number 14, Pasteurellaceae
2025-10-20 13:15:50.796426 INFO::Fitting model to feature number 15, Porphyromonadaceae
2025-10-20 13:15:50.806304 INFO::Fitting model to feature number 16, Prevotellaceae
2025-10-20 13:15:50.821972 INFO::Fitting model to feature number 17, Pseudomonadaceae
2025-10-20 13:15:50.829765 INFO::Fitting model to feature number 18, Rikenellaceae
2025-10-20 13:15:50.839534 INFO::Fitting model to feature number 19, Ruminococcaceae
2025-10-20 13:15:50.848189 INFO::Fitting model to feature number 20, S24-7
2025-10-20 13:15:50.854796 INFO::Fitting model to feature number 21, Synergistaceae
2025-10-20 13:15:50.863062 INFO::Fitting model to feature number 22, Unclassified Cyanobacteria
2025-10-20 13:15:50.870679 INFO::Fitting model to feature number 23, Unclassified Firmicutes
2025-10-20 13:15:50.876865 INFO::Fitting model to feature number 24, Unclassified Proteobacteria
2025-10-20 13:15:50.882928 INFO::Fitting model to feature number 25, Unclassified Tenericutes
2025-10-20 13:15:50.889048 INFO::Fitting model to feature number 26, Veillonellaceae
2025-10-20 13:15:50.89486 INFO::Fitting model to feature number 27, Verrucomicrobiaceae
2025-10-20 13:15:50.901503 INFO::Fitting model to feature number 28, [Barnesiellaceae]
2025-10-20 13:15:50.90757 INFO::Fitting model to feature number 29, [Paraprevotellaceae]
2025-10-20 13:15:50.911633 INFO::Fitting model to feature number 30, [Tissierellaceae]
2025-10-20 13:15:50.920036 INFO::Performing tests against medians
2025-10-20 13:15:52.92878 INFO::Counting total values for each feature
2025-10-20 13:15:52.935231 INFO::Running the logistic model component
2025-10-20 13:15:52.942936 DEBUG::Object: augment, Size: 56
2025-10-20 13:15:52.944211 DEBUG::Object: cluster, Size: 0
2025-10-20 13:15:52.945345 DEBUG::Object: cores, Size: 56
2025-10-20 13:15:52.946457 DEBUG::Object: correction, Size: 112
2025-10-20 13:15:52.947581 DEBUG::Object: extract_out, Size: 1136
2025-10-20 13:15:52.948629 DEBUG::Object: feature_specific_covariate, Size: 0
2025-10-20 13:15:52.949662 DEBUG::Object: feature_specific_covariate_name, Size: 0
2025-10-20 13:15:52.950874 DEBUG::Object: feature_specific_covariate_record, Size: 0
2025-10-20 13:15:52.952831 DEBUG::Object: features, Size: 51616
2025-10-20 13:15:52.954442 DEBUG::Object: formula, Size: 728
2025-10-20 13:15:52.95601 DEBUG::Object: fun_list, Size: 70920
2025-10-20 13:15:52.957605 DEBUG::Object: func_to_run, Size: 435336
2025-10-20 13:15:52.958856 DEBUG::Object: groups, Size: 48
2025-10-20 13:15:52.95999 DEBUG::Object: median_comparison, Size: 56
2025-10-20 13:15:52.961142 DEBUG::Object: median_comparison_threshold, Size: 56
2025-10-20 13:15:52.962271 DEBUG::Object: metadata, Size: 21688
2025-10-20 13:15:52.963347 DEBUG::Object: model, Size: 120
2025-10-20 13:15:52.964394 DEBUG::Object: model_function, Size: 21016
2025-10-20 13:15:52.965441 DEBUG::Object: ordereds, Size: 48
2025-10-20 13:15:52.966431 DEBUG::Object: random_effects_formula, Size: 0
2025-10-20 13:15:52.967451 DEBUG::Object: ranef_function, Size: 0
2025-10-20 13:15:52.968524 DEBUG::Object: save_models, Size: 56
2025-10-20 13:15:52.969619 DEBUG::Object: small_random_effects, Size: 56
2025-10-20 13:15:52.971008 DEBUG::Object: strata, Size: 48
2025-10-20 13:15:52.972704 DEBUG::Object: subtract_median, Size: 56
2025-10-20 13:15:52.974314 DEBUG::Object: summary_function, Size: 49424
2025-10-20 13:15:52.975492 DEBUG::Object: func_to_run, Size: 435336
2025-10-20 13:15:52.97662 INFO::Fitting model to feature number 1, Alcaligenaceae
2025-10-20 13:15:52.986065 INFO::Fitting model to feature number 2, Bacteroidaceae
2025-10-20 13:15:52.989204 INFO::Fitting model to feature number 3, Bifidobacteriaceae
2025-10-20 13:15:53.005111 INFO::Fitting model to feature number 4, Burkholderiaceae
2025-10-20 13:15:53.024078 INFO::Fitting model to feature number 5, Christensenellaceae
2025-10-20 13:15:53.034498 INFO::Fitting model to feature number 6, Clostridiaceae
2025-10-20 13:15:53.04413 INFO::Fitting model to feature number 7, Coriobacteriaceae
2025-10-20 13:15:53.053625 INFO::Fitting model to feature number 8, Desulfovibrionaceae
2025-10-20 13:15:53.063224 INFO::Fitting model to feature number 9, Enterobacteriaceae
2025-10-20 13:15:53.066725 INFO::Fitting model to feature number 10, Erysipelotrichaceae
2025-10-20 13:15:53.076169 INFO::Fitting model to feature number 11, Fusobacteriaceae
2025-10-20 13:15:53.085063 INFO::Fitting model to feature number 12, Lachnospiraceae
2025-10-20 13:15:53.088114 INFO::Fitting model to feature number 13, Methanobacteriaceae
2025-10-20 13:15:53.111359 INFO::Fitting model to feature number 14, Pasteurellaceae
2025-10-20 13:15:53.124518 INFO::Fitting model to feature number 15, Porphyromonadaceae
2025-10-20 13:15:53.135046 INFO::Fitting model to feature number 16, Prevotellaceae
2025-10-20 13:15:53.145556 INFO::Fitting model to feature number 17, Pseudomonadaceae
2025-10-20 13:15:53.154769 INFO::Fitting model to feature number 18, Rikenellaceae
2025-10-20 13:15:53.164866 INFO::Fitting model to feature number 19, Ruminococcaceae
2025-10-20 13:15:53.167993 INFO::Fitting model to feature number 20, S24-7
2025-10-20 13:15:53.179374 INFO::Fitting model to feature number 21, Synergistaceae
2025-10-20 13:15:53.191828 INFO::Fitting model to feature number 22, Unclassified Cyanobacteria
2025-10-20 13:15:53.201019 INFO::Fitting model to feature number 23, Unclassified Firmicutes
2025-10-20 13:15:53.204296 INFO::Fitting model to feature number 24, Unclassified Proteobacteria
2025-10-20 13:15:53.214741 INFO::Fitting model to feature number 25, Unclassified Tenericutes
2025-10-20 13:15:53.224437 INFO::Fitting model to feature number 26, Veillonellaceae
2025-10-20 13:15:53.233809 INFO::Fitting model to feature number 27, Verrucomicrobiaceae
2025-10-20 13:15:53.236833 INFO::Fitting model to feature number 28, [Barnesiellaceae]
2025-10-20 13:15:53.24688 INFO::Fitting model to feature number 29, [Paraprevotellaceae]
2025-10-20 13:15:53.256121 INFO::Fitting model to feature number 30, [Tissierellaceae]
2025-10-20 13:15:53.275367 INFO::Counting total values for each feature
2025-10-20 13:15:53.282093 INFO::Re-running abundances for warn_prevalence
2025-10-20 13:15:53.283945 INFO::Running selected normalization method: TSS
2025-10-20 13:15:53.288641 INFO::Running selected transform method: LOG
2025-10-20 13:15:53.29676 DEBUG::Object: augment, Size: 56
2025-10-20 13:15:53.297905 DEBUG::Object: cluster, Size: 0
2025-10-20 13:15:53.298974 DEBUG::Object: cores, Size: 56
2025-10-20 13:15:53.300031 DEBUG::Object: correction, Size: 112
2025-10-20 13:15:53.301038 DEBUG::Object: extract_out, Size: 1136
2025-10-20 13:15:53.302008 DEBUG::Object: feature_specific_covariate, Size: 0
2025-10-20 13:15:53.303003 DEBUG::Object: feature_specific_covariate_name, Size: 0
2025-10-20 13:15:53.304012 DEBUG::Object: feature_specific_covariate_record, Size: 0
2025-10-20 13:15:53.305069 DEBUG::Object: features, Size: 53408
2025-10-20 13:15:53.30618 DEBUG::Object: formula, Size: 728
2025-10-20 13:15:53.307266 DEBUG::Object: fun_list, Size: 58768
2025-10-20 13:15:53.308949 DEBUG::Object: func_to_run, Size: 435336
2025-10-20 13:15:53.310786 DEBUG::Object: groups, Size: 48
2025-10-20 13:15:53.311954 DEBUG::Object: median_comparison, Size: 56
2025-10-20 13:15:53.313061 DEBUG::Object: median_comparison_threshold, Size: 56
2025-10-20 13:15:53.314208 DEBUG::Object: metadata, Size: 21688
2025-10-20 13:15:53.315253 DEBUG::Object: model, Size: 112
2025-10-20 13:15:53.316266 DEBUG::Object: model_function, Size: 8864
2025-10-20 13:15:53.317305 DEBUG::Object: ordereds, Size: 48
2025-10-20 13:15:53.318302 DEBUG::Object: random_effects_formula, Size: 0
2025-10-20 13:15:53.319353 DEBUG::Object: ranef_function, Size: 0
2025-10-20 13:15:53.320429 DEBUG::Object: save_models, Size: 56
2025-10-20 13:15:53.321527 DEBUG::Object: small_random_effects, Size: 56
2025-10-20 13:15:53.322785 DEBUG::Object: strata, Size: 48
2025-10-20 13:15:53.324585 DEBUG::Object: subtract_median, Size: 56
2025-10-20 13:15:53.326247 DEBUG::Object: summary_function, Size: 49424
2025-10-20 13:15:53.327838 DEBUG::Object: func_to_run, Size: 435336
2025-10-20 13:15:53.329451 INFO::Fitting model to feature number 1, Alcaligenaceae
2025-10-20 13:15:53.337859 INFO::Fitting model to feature number 2, Bacteroidaceae
2025-10-20 13:15:53.344231 INFO::Fitting model to feature number 3, Bifidobacteriaceae
2025-10-20 13:15:53.350221 INFO::Fitting model to feature number 4, Burkholderiaceae
2025-10-20 13:15:53.354547 INFO::Fitting model to feature number 5, Christensenellaceae
2025-10-20 13:15:53.361371 INFO::Fitting model to feature number 6, Clostridiaceae
2025-10-20 13:15:53.367565 INFO::Fitting model to feature number 7, Coriobacteriaceae
2025-10-20 13:15:53.373531 INFO::Fitting model to feature number 8, Desulfovibrionaceae
2025-10-20 13:15:53.37981 INFO::Fitting model to feature number 9, Enterobacteriaceae
2025-10-20 13:15:53.385666 INFO::Fitting model to feature number 10, Erysipelotrichaceae
2025-10-20 13:15:53.394963 INFO::Fitting model to feature number 11, Fusobacteriaceae
2025-10-20 13:15:53.4037 INFO::Fitting model to feature number 12, Lachnospiraceae
2025-10-20 13:15:53.413507 INFO::Fitting model to feature number 13, Methanobacteriaceae
2025-10-20 13:15:53.42216 INFO::Fitting model to feature number 14, Pasteurellaceae
2025-10-20 13:15:53.426981 INFO::Fitting model to feature number 15, Porphyromonadaceae
2025-10-20 13:15:53.432985 INFO::Fitting model to feature number 16, Prevotellaceae
2025-10-20 13:15:53.44002 INFO::Fitting model to feature number 17, Pseudomonadaceae
2025-10-20 13:15:53.446178 INFO::Fitting model to feature number 18, Rikenellaceae
2025-10-20 13:15:53.452486 INFO::Fitting model to feature number 19, Ruminococcaceae
2025-10-20 13:15:53.458453 INFO::Fitting model to feature number 20, S24-7
2025-10-20 13:15:53.464689 INFO::Fitting model to feature number 21, Synergistaceae
2025-10-20 13:15:53.470953 INFO::Fitting model to feature number 22, Unclassified Cyanobacteria
2025-10-20 13:15:53.477309 INFO::Fitting model to feature number 23, Unclassified Firmicutes
2025-10-20 13:15:53.483079 INFO::Fitting model to feature number 24, Unclassified Proteobacteria
2025-10-20 13:15:53.490189 INFO::Fitting model to feature number 25, Unclassified Tenericutes
2025-10-20 13:15:53.496134 INFO::Fitting model to feature number 26, Veillonellaceae
2025-10-20 13:15:53.502092 INFO::Fitting model to feature number 27, Verrucomicrobiaceae
2025-10-20 13:15:53.508285 INFO::Fitting model to feature number 28, [Barnesiellaceae]
2025-10-20 13:15:53.514607 INFO::Fitting model to feature number 29, [Paraprevotellaceae]
2025-10-20 13:15:53.518765 INFO::Fitting model to feature number 30, [Tissierellaceae]
2025-10-20 13:15:53.566912 INFO::Creating fits folder
2025-10-20 13:15:53.56886 INFO::Writing residuals to file .tmp.family.amplicon_dmm_output/fits/residuals_linear.rds
2025-10-20 13:15:53.573333 INFO::Writing fitted values to file .tmp.family.amplicon_dmm_output/fits/fitted_linear.rds
2025-10-20 13:15:53.577721 INFO::Writing residuals to file .tmp.family.amplicon_dmm_output/fits/residuals_logistic.rds
2025-10-20 13:15:53.590081 INFO::Writing fitted values to file .tmp.family.amplicon_dmm_output/fits/fitted_logistic.rds
2025-10-20 13:15:53.596969 INFO::Writing all the results to file (ordered 
            by increasing individual q-values): .tmp.family.amplicon_dmm_output/all_results.tsv
2025-10-20 13:15:53.615966 INFO::Writing the significant results without errors (those which have joint q-values less than or equal to the threshold of 0.100000 ) to file (ordered by increasing individual q-values): .tmp.family.amplicon_dmm_output/significant_results.tsv
2025-10-20 13:15:53.624672 INFO::Creating output figures folder
2025-10-20 13:15:53.628698 INFO::Writing summary plot of significant
                        results to file: .tmp.family.amplicon_dmm_output/figures/summary_plot.pdf
2025-10-20 13:15:56.210656 INFO::Writing association plots (one for each significant association) to output folder: .tmp.family.amplicon_dmm_output/figures
2025-10-20 13:15:56.213696 INFO::Plotting associations from most to least significant, grouped by metadata
2025-10-20 13:15:56.225731 INFO::Creating box plot for categorical data (linear), 
                        DMM vs Enterobacteriaceae
2025-10-20 13:15:56.311123 INFO::Creating box plot for categorical data (linear), 
                        DMM vs Unclassified Proteobacteria
2025-10-20 13:15:56.38184 INFO::Creating tile plot for categorical data (logistic), DMM vs [Tissierellaceae]
2025-10-20 13:15:56.483516 INFO::Creating tile plot for categorical data (logistic), DMM vs Fusobacteriaceae
2025-10-20 13:15:56.568922 INFO::Creating box plot for categorical data (linear), 
                        DMM vs Christensenellaceae
2025-10-20 13:15:56.640394 INFO::Creating tile plot for categorical data (logistic), DMM vs [Paraprevotellaceae]
2025-10-20 13:15:56.722882 INFO::Creating tile plot for categorical data (logistic), DMM vs Bifidobacteriaceae
2025-10-20 13:15:56.804181 INFO::Creating box plot for categorical data (linear), 
                        DMM vs Prevotellaceae
2025-10-20 13:15:56.889548 INFO::Creating tile plot for categorical data (logistic), DMM vs Pasteurellaceae
2025-10-20 13:15:56.978034 INFO::Creating box plot for categorical data (linear), 
                        DMM vs S24-7
