2025-11-25 18:47:19.75838 INFO::Writing function arguments to log file
2025-11-25 18:47:19.760297 DEBUG::Function arguments
2025-11-25 18:47:19.761432 DEBUG::Output folder: maaslin3/X..SCFA.Acetate.out
2025-11-25 18:47:19.76247 DEBUG::Formula: ~Year + Weight_lbs + X..SCFA.Acetate + Sum.Total.Cholesterol_mg.dL
2025-11-25 18:47:19.763515 DEBUG::Fixed effects:
2025-11-25 18:47:19.764624 DEBUG::Reference: Year,2019
2025-11-25 18:47:19.765725 DEBUG::Random effects:
2025-11-25 18:47:19.766797 DEBUG::Group effects:
2025-11-25 18:47:19.767861 DEBUG::Ordered effects:
2025-11-25 18:47:19.768888 DEBUG::Strata effects:
2025-11-25 18:47:19.769975 DEBUG::Min Abundance: 0.000000
2025-11-25 18:47:19.771091 DEBUG::Min Prevalence: 0.000000
2025-11-25 18:47:19.772642 DEBUG::Zero Threshold: 0.000000
2025-11-25 18:47:19.774327 DEBUG::Min variance: 0.000000
2025-11-25 18:47:19.776016 DEBUG::Max significance: 0.100000
2025-11-25 18:47:19.777533 DEBUG::Normalization: TSS
2025-11-25 18:47:19.77917 DEBUG::Transform: LOG
2025-11-25 18:47:19.780717 DEBUG::Correction method: BH
2025-11-25 18:47:19.782272 DEBUG::Standardize: TRUE
2025-11-25 18:47:19.783471 DEBUG::Abundance median comparison: TRUE
2025-11-25 18:47:19.784534 DEBUG::Prevalence median comparison: FALSE
2025-11-25 18:47:19.785797 DEBUG::Abundance median comparison threshold: 0
2025-11-25 18:47:19.787176 DEBUG::Prevalence median comparison threshold: 0
2025-11-25 18:47:19.788522 DEBUG::Subtract median: FALSE
2025-11-25 18:47:19.789757 DEBUG::Warn prevalence: TRUE
2025-11-25 18:47:19.791634 DEBUG::Small random effects: FALSE
2025-11-25 18:47:19.793583 DEBUG::Augment: TRUE
2025-11-25 18:47:19.795317 DEBUG::Evaluate only:
2025-11-25 18:47:19.796794 DEBUG::Cores: 1
2025-11-25 18:47:19.798566 DEBUG::Balanced Summary plot: FALSE
2025-11-25 18:47:19.800492 INFO::Verifying options selected are valid
2025-11-25 18:47:19.803329 WARNING::Input is a matrix,
                        passing through as.data.frame() .
2025-11-25 18:47:19.807666 INFO::Determining format of input files
2025-11-25 18:47:19.8101 INFO::Input format is data samples as columns and metadata samples as rows
2025-11-25 18:47:19.813591 DEBUG::Transformed data so samples are rows
2025-11-25 18:47:19.81493 DEBUG::A total of 156 samples were found in both the data and metadata
2025-11-25 18:47:19.816132 DEBUG::Reordering data/metadata to use same sample ordering
2025-11-25 18:47:19.819282 INFO::Running selected normalization method: TSS
2025-11-25 18:47:19.823753 INFO::Writing normalized data to file maaslin3/X..SCFA.Acetate.out/features/data_norm.tsv
2025-11-25 18:47:19.856647 INFO::Filter data based on min abundance and min prevalence
2025-11-25 18:47:19.859048 INFO::Total samples in data: 156
2025-11-25 18:47:19.861144 INFO::Min samples required with min abundance for a feature not to be filtered: 0.000000
2025-11-25 18:47:19.869403 INFO::Total filtered features: 0
2025-11-25 18:47:19.871418 INFO::Filtered feature names from abundance and prevalence filtering:
2025-11-25 18:47:19.875481 INFO::Total features filtered by non-zero variance filtering: 0
2025-11-25 18:47:19.877618 INFO::Filtered feature names from variance filtering:
2025-11-25 18:47:19.879675 INFO::Writing filtered data to file maaslin3/X..SCFA.Acetate.out/features/filtered_data.tsv
2025-11-25 18:47:19.911818 INFO::Running selected transform method: LOG
2025-11-25 18:47:19.915087 INFO::Writing normalized, filtered, transformed data to file maaslin3/X..SCFA.Acetate.out/features/data_transformed.tsv
2025-11-25 18:47:19.948012 INFO::Applying z-score to standardize continuous metadata
2025-11-25 18:47:20.034425 INFO::Running the linear model component
2025-11-25 18:47:20.043928 DEBUG::Object: augment, Size: 56
2025-11-25 18:47:20.045338 DEBUG::Object: cluster, Size: 0
2025-11-25 18:47:20.046454 DEBUG::Object: cores, Size: 56
2025-11-25 18:47:20.047699 DEBUG::Object: correction, Size: 112
2025-11-25 18:47:20.048842 DEBUG::Object: extract_out, Size: 1976
2025-11-25 18:47:20.05007 DEBUG::Object: feature_specific_covariate, Size: 0
2025-11-25 18:47:20.051538 DEBUG::Object: feature_specific_covariate_name, Size: 0
2025-11-25 18:47:20.052741 DEBUG::Object: feature_specific_covariate_record, Size: 0
2025-11-25 18:47:20.053899 DEBUG::Object: features, Size: 84072
2025-11-25 18:47:20.054941 DEBUG::Object: formula, Size: 1568
2025-11-25 18:47:20.05599 DEBUG::Object: fun_list, Size: 58768
2025-11-25 18:47:20.058334 DEBUG::Object: func_to_run, Size: 435336
2025-11-25 18:47:20.060228 DEBUG::Object: groups, Size: 48
2025-11-25 18:47:20.061821 DEBUG::Object: median_comparison, Size: 56
2025-11-25 18:47:20.063107 DEBUG::Object: median_comparison_threshold, Size: 56
2025-11-25 18:47:20.064744 DEBUG::Object: metadata, Size: 354576
2025-11-25 18:47:20.066169 DEBUG::Object: model, Size: 112
2025-11-25 18:47:20.067345 DEBUG::Object: model_function, Size: 8864
2025-11-25 18:47:20.068434 DEBUG::Object: ordereds, Size: 48
2025-11-25 18:47:20.069426 DEBUG::Object: random_effects_formula, Size: 0
2025-11-25 18:47:20.070485 DEBUG::Object: ranef_function, Size: 0
2025-11-25 18:47:20.071715 DEBUG::Object: save_models, Size: 56
2025-11-25 18:47:20.073074 DEBUG::Object: small_random_effects, Size: 56
2025-11-25 18:47:20.074795 DEBUG::Object: strata, Size: 48
2025-11-25 18:47:20.07601 DEBUG::Object: subtract_median, Size: 56
2025-11-25 18:47:20.077457 DEBUG::Object: summary_function, Size: 49424
2025-11-25 18:47:20.079006 DEBUG::Object: func_to_run, Size: 435336
2025-11-25 18:47:20.080468 INFO::Fitting model to feature number 1, Unclassified Proteobacteria;T01
2025-11-25 18:47:20.089113 INFO::Fitting model to feature number 2, Unclassified Enterobacteriaceae;T02
2025-11-25 18:47:20.099165 INFO::Fitting model to feature number 3, Unclassified Enterobacteriaceae;T03
2025-11-25 18:47:20.108418 INFO::Fitting model to feature number 4, Bacteroides;T04
2025-11-25 18:47:20.117195 INFO::Fitting model to feature number 5, Unclassified Ruminococcaceae;T05
2025-11-25 18:47:20.12767 INFO::Fitting model to feature number 6, Akkermansia;T06
2025-11-25 18:47:20.137571 INFO::Fitting model to feature number 7, Unclassified Firmicutes;T07
2025-11-25 18:47:20.148605 INFO::Fitting model to feature number 8, Coprococcus;T08
2025-11-25 18:47:20.157929 INFO::Fitting model to feature number 9, Prevotella;T09
2025-11-25 18:47:20.168358 INFO::Fitting model to feature number 10, Unclassified Rikenellaceae;T10
2025-11-25 18:47:20.177892 INFO::Fitting model to feature number 11, Faecalibacterium;T11
2025-11-25 18:47:20.187038 INFO::Fitting model to feature number 12, Unclassified Lachnospiraceae;T12
2025-11-25 18:47:20.196521 INFO::Fitting model to feature number 13, Lachnospira;T13
2025-11-25 18:47:20.205245 INFO::Fitting model to feature number 14, Blautia;T14
2025-11-25 18:47:20.215994 INFO::Fitting model to feature number 15, Unclassified Christensenellaceae;T15
2025-11-25 18:47:20.227478 INFO::Fitting model to feature number 16, Methanobrevibacter;T16
2025-11-25 18:47:20.237216 INFO::Fitting model to feature number 17, Parabacteroides;T17
2025-11-25 18:47:20.247413 INFO::Fitting model to feature number 18, Providencia;T18
2025-11-25 18:47:20.255848 INFO::Fitting model to feature number 19, Ruminococcus;T19
2025-11-25 18:47:20.266082 INFO::Fitting model to feature number 20, [Prevotella];T20
2025-11-25 18:47:20.275766 INFO::Fitting model to feature number 21, [Ruminococcus];T21
2025-11-25 18:47:20.284983 INFO::Fitting model to feature number 22, Serratia;T22
2025-11-25 18:47:20.2951 INFO::Fitting model to feature number 23, Dialister;T23
2025-11-25 18:47:20.303411 INFO::Fitting model to feature number 24, Dorea;T24
2025-11-25 18:47:20.312864 INFO::Fitting model to feature number 25, Roseburia;T25
2025-11-25 18:47:20.321773 INFO::Fitting model to feature number 26, Unclassified Erysipelotrichaceae;T26
2025-11-25 18:47:20.331552 INFO::Fitting model to feature number 27, Unclassified S24-7;T27
2025-11-25 18:47:20.340336 INFO::Fitting model to feature number 28, Pseudomonas;T28
2025-11-25 18:47:20.349855 INFO::Fitting model to feature number 29, Unclassified Proteobacteria;T29
2025-11-25 18:47:20.358847 INFO::Fitting model to feature number 30, Fusobacterium;T30
2025-11-25 18:47:20.367732 INFO::Fitting model to feature number 31, Unclassified [Barnesiellaceae];T31
2025-11-25 18:47:20.376826 INFO::Fitting model to feature number 32, Phascolarctobacterium;T32
2025-11-25 18:47:20.385004 INFO::Fitting model to feature number 33, Erwinia;T33
2025-11-25 18:47:20.393754 INFO::Fitting model to feature number 34, Sutterella;T34
2025-11-25 18:47:20.40254 INFO::Fitting model to feature number 35, Bilophila;T35
2025-11-25 18:47:20.414308 INFO::Fitting model to feature number 36, Unclassified Cyanobacteria;T36
2025-11-25 18:47:20.425498 INFO::Fitting model to feature number 37, Unclassified Firmicutes;T37
2025-11-25 18:47:20.434087 INFO::Fitting model to feature number 38, Oscillospira;T38
2025-11-25 18:47:20.443707 INFO::Fitting model to feature number 39, [Eubacterium];T39
2025-11-25 18:47:20.452566 INFO::Fitting model to feature number 40, Desulfovibrio;T40
2025-11-25 18:47:20.462318 INFO::Fitting model to feature number 41, Unclassified Lachnospiraceae;T41
2025-11-25 18:47:20.471235 INFO::Fitting model to feature number 42, Unclassified Tenericutes;T42
2025-11-25 18:47:20.481688 INFO::Fitting model to feature number 43, Unclassified Burkholderiaceae;T43
2025-11-25 18:47:20.486826 WARNING::Fitting problem for feature 43 returning NA
2025-11-25 18:47:20.490453 INFO::Fitting model to feature number 44, Synergistes;T44
2025-11-25 18:47:20.500179 INFO::Fitting model to feature number 45, Parvimonas;T45
2025-11-25 18:47:20.511285 INFO::Fitting model to feature number 46, Unclassified Clostridiaceae;T46
2025-11-25 18:47:20.519528 INFO::Fitting model to feature number 47, Unclassified Coriobacteriaceae;T47
2025-11-25 18:47:20.528468 INFO::Fitting model to feature number 48, Clostridium;T48
2025-11-25 18:47:20.536792 INFO::Fitting model to feature number 49, Veillonella;T49
2025-11-25 18:47:20.545309 INFO::Fitting model to feature number 50, Aggregatibacter;T50
2025-11-25 18:47:20.553506 INFO::Fitting model to feature number 51, Bifidobacterium;T51
2025-11-25 18:47:20.562282 INFO::Fitting model to feature number 52, Lachnobacterium;T52
2025-11-25 18:47:20.567524 WARNING::Fitting problem for feature 52 returning NA
2025-11-25 18:47:20.574623 INFO::Performing tests against medians
2025-11-25 18:47:22.536684 INFO::Counting total values for each feature
2025-11-25 18:47:22.547139 INFO::Running the logistic model component
2025-11-25 18:47:22.556568 DEBUG::Object: augment, Size: 56
2025-11-25 18:47:22.558266 DEBUG::Object: cluster, Size: 0
2025-11-25 18:47:22.559746 DEBUG::Object: cores, Size: 56
2025-11-25 18:47:22.561085 DEBUG::Object: correction, Size: 112
2025-11-25 18:47:22.562457 DEBUG::Object: extract_out, Size: 1976
2025-11-25 18:47:22.563737 DEBUG::Object: feature_specific_covariate, Size: 0
2025-11-25 18:47:22.564832 DEBUG::Object: feature_specific_covariate_name, Size: 0
2025-11-25 18:47:22.56588 DEBUG::Object: feature_specific_covariate_record, Size: 0
2025-11-25 18:47:22.567061 DEBUG::Object: features, Size: 81048
2025-11-25 18:47:22.568262 DEBUG::Object: formula, Size: 1568
2025-11-25 18:47:22.569621 DEBUG::Object: fun_list, Size: 70920
2025-11-25 18:47:22.570943 DEBUG::Object: func_to_run, Size: 435336
2025-11-25 18:47:22.572934 DEBUG::Object: groups, Size: 48
2025-11-25 18:47:22.574677 DEBUG::Object: median_comparison, Size: 56
2025-11-25 18:47:22.576369 DEBUG::Object: median_comparison_threshold, Size: 56
2025-11-25 18:47:22.57839 DEBUG::Object: metadata, Size: 354576
2025-11-25 18:47:22.579626 DEBUG::Object: model, Size: 120
2025-11-25 18:47:22.580811 DEBUG::Object: model_function, Size: 21016
2025-11-25 18:47:22.582195 DEBUG::Object: ordereds, Size: 48
2025-11-25 18:47:22.58385 DEBUG::Object: random_effects_formula, Size: 0
2025-11-25 18:47:22.5854 DEBUG::Object: ranef_function, Size: 0
2025-11-25 18:47:22.586585 DEBUG::Object: save_models, Size: 56
2025-11-25 18:47:22.588316 DEBUG::Object: small_random_effects, Size: 56
2025-11-25 18:47:22.589674 DEBUG::Object: strata, Size: 48
2025-11-25 18:47:22.590885 DEBUG::Object: subtract_median, Size: 56
2025-11-25 18:47:22.592062 DEBUG::Object: summary_function, Size: 49424
2025-11-25 18:47:22.593374 DEBUG::Object: func_to_run, Size: 435336
2025-11-25 18:47:22.59462 INFO::Fitting model to feature number 1, Unclassified Proteobacteria;T01
2025-11-25 18:47:22.616634 INFO::Fitting model to feature number 2, Unclassified Enterobacteriaceae;T02
2025-11-25 18:47:22.633968 INFO::Fitting model to feature number 3, Unclassified Enterobacteriaceae;T03
2025-11-25 18:47:22.637349 INFO::Fitting model to feature number 4, Bacteroides;T04
2025-11-25 18:47:22.641655 INFO::Fitting model to feature number 5, Unclassified Ruminococcaceae;T05
2025-11-25 18:47:22.644973 INFO::Fitting model to feature number 6, Akkermansia;T06
2025-11-25 18:47:22.648619 INFO::Fitting model to feature number 7, Unclassified Firmicutes;T07
2025-11-25 18:47:22.652149 INFO::Fitting model to feature number 8, Coprococcus;T08
2025-11-25 18:47:22.668363 INFO::Fitting model to feature number 9, Prevotella;T09
2025-11-25 18:47:22.684903 INFO::Fitting model to feature number 10, Unclassified Rikenellaceae;T10
2025-11-25 18:47:22.700765 INFO::Fitting model to feature number 11, Faecalibacterium;T11
2025-11-25 18:47:22.716553 INFO::Fitting model to feature number 12, Unclassified Lachnospiraceae;T12
2025-11-25 18:47:22.720229 INFO::Fitting model to feature number 13, Lachnospira;T13
2025-11-25 18:47:22.736111 INFO::Fitting model to feature number 14, Blautia;T14
2025-11-25 18:47:22.752396 INFO::Fitting model to feature number 15, Unclassified Christensenellaceae;T15
2025-11-25 18:47:22.76811 INFO::Fitting model to feature number 16, Methanobrevibacter;T16
2025-11-25 18:47:22.785354 INFO::Fitting model to feature number 17, Parabacteroides;T17
2025-11-25 18:47:22.802283 INFO::Fitting model to feature number 18, Providencia;T18
2025-11-25 18:47:22.818796 INFO::Fitting model to feature number 19, Ruminococcus;T19
2025-11-25 18:47:22.835178 INFO::Fitting model to feature number 20, [Prevotella];T20
2025-11-25 18:47:22.850844 INFO::Fitting model to feature number 21, [Ruminococcus];T21
2025-11-25 18:47:22.866579 INFO::Fitting model to feature number 22, Serratia;T22
2025-11-25 18:47:22.886103 INFO::Fitting model to feature number 23, Dialister;T23
2025-11-25 18:47:22.902364 INFO::Fitting model to feature number 24, Dorea;T24
2025-11-25 18:47:22.918053 INFO::Fitting model to feature number 25, Roseburia;T25
2025-11-25 18:47:22.935488 INFO::Fitting model to feature number 26, Unclassified Erysipelotrichaceae;T26
2025-11-25 18:47:22.951693 INFO::Fitting model to feature number 27, Unclassified S24-7;T27
2025-11-25 18:47:22.967493 INFO::Fitting model to feature number 28, Pseudomonas;T28
2025-11-25 18:47:22.985568 INFO::Fitting model to feature number 29, Unclassified Proteobacteria;T29
2025-11-25 18:47:23.006598 INFO::Fitting model to feature number 30, Fusobacterium;T30
2025-11-25 18:47:23.023961 INFO::Fitting model to feature number 31, Unclassified [Barnesiellaceae];T31
2025-11-25 18:47:23.042547 INFO::Fitting model to feature number 32, Phascolarctobacterium;T32
2025-11-25 18:47:23.061347 INFO::Fitting model to feature number 33, Erwinia;T33
2025-11-25 18:47:23.079594 INFO::Fitting model to feature number 34, Sutterella;T34
2025-11-25 18:47:23.099471 INFO::Fitting model to feature number 35, Bilophila;T35
2025-11-25 18:47:23.123245 INFO::Fitting model to feature number 36, Unclassified Cyanobacteria;T36
2025-11-25 18:47:23.145543 INFO::Fitting model to feature number 37, Unclassified Firmicutes;T37
2025-11-25 18:47:23.164357 INFO::Fitting model to feature number 38, Oscillospira;T38
2025-11-25 18:47:23.167988 INFO::Fitting model to feature number 39, [Eubacterium];T39
2025-11-25 18:47:23.189362 INFO::Fitting model to feature number 40, Desulfovibrio;T40
2025-11-25 18:47:23.206715 INFO::Fitting model to feature number 41, Unclassified Lachnospiraceae;T41
2025-11-25 18:47:23.223541 INFO::Fitting model to feature number 42, Unclassified Tenericutes;T42
2025-11-25 18:47:23.240303 INFO::Fitting model to feature number 43, Unclassified Burkholderiaceae;T43
2025-11-25 18:47:23.25917 INFO::Fitting model to feature number 44, Synergistes;T44
2025-11-25 18:47:23.275976 INFO::Fitting model to feature number 45, Parvimonas;T45
2025-11-25 18:47:23.292843 INFO::Fitting model to feature number 46, Unclassified Clostridiaceae;T46
2025-11-25 18:47:23.312159 INFO::Fitting model to feature number 47, Unclassified Coriobacteriaceae;T47
2025-11-25 18:47:23.330744 INFO::Fitting model to feature number 48, Clostridium;T48
2025-11-25 18:47:23.347749 INFO::Fitting model to feature number 49, Veillonella;T49
2025-11-25 18:47:23.364103 WARNING::Fitting problem for feature 49 a warning was issued
2025-11-25 18:47:23.370364 INFO::Fitting model to feature number 50, Aggregatibacter;T50
2025-11-25 18:47:23.387465 INFO::Fitting model to feature number 51, Bifidobacterium;T51
2025-11-25 18:47:23.407148 INFO::Fitting model to feature number 52, Lachnobacterium;T52
2025-11-25 18:47:23.484019 INFO::Counting total values for each feature
2025-11-25 18:47:23.493516 INFO::Re-running abundances for warn_prevalence
2025-11-25 18:47:23.495555 INFO::Running selected normalization method: TSS
2025-11-25 18:47:23.500478 INFO::Running selected transform method: LOG
2025-11-25 18:47:23.510372 DEBUG::Object: augment, Size: 56
2025-11-25 18:47:23.511625 DEBUG::Object: cluster, Size: 0
2025-11-25 18:47:23.51283 DEBUG::Object: cores, Size: 56
2025-11-25 18:47:23.513951 DEBUG::Object: correction, Size: 112
2025-11-25 18:47:23.515033 DEBUG::Object: extract_out, Size: 1976
2025-11-25 18:47:23.516164 DEBUG::Object: feature_specific_covariate, Size: 0
2025-11-25 18:47:23.5173 DEBUG::Object: feature_specific_covariate_name, Size: 0
2025-11-25 18:47:23.51831 DEBUG::Object: feature_specific_covariate_record, Size: 0
2025-11-25 18:47:23.519366 DEBUG::Object: features, Size: 84072
2025-11-25 18:47:23.520674 DEBUG::Object: formula, Size: 1568
2025-11-25 18:47:23.522086 DEBUG::Object: fun_list, Size: 58768
2025-11-25 18:47:23.523494 DEBUG::Object: func_to_run, Size: 435336
2025-11-25 18:47:23.524701 DEBUG::Object: groups, Size: 48
2025-11-25 18:47:23.525902 DEBUG::Object: median_comparison, Size: 56
2025-11-25 18:47:23.527056 DEBUG::Object: median_comparison_threshold, Size: 56
2025-11-25 18:47:23.528447 DEBUG::Object: metadata, Size: 354576
2025-11-25 18:47:23.529577 DEBUG::Object: model, Size: 112
2025-11-25 18:47:23.530632 DEBUG::Object: model_function, Size: 8864
2025-11-25 18:47:23.531671 DEBUG::Object: ordereds, Size: 48
2025-11-25 18:47:23.532689 DEBUG::Object: random_effects_formula, Size: 0
2025-11-25 18:47:23.533665 DEBUG::Object: ranef_function, Size: 0
2025-11-25 18:47:23.534691 DEBUG::Object: save_models, Size: 56
2025-11-25 18:47:23.535779 DEBUG::Object: small_random_effects, Size: 56
2025-11-25 18:47:23.536972 DEBUG::Object: strata, Size: 48
2025-11-25 18:47:23.538732 DEBUG::Object: subtract_median, Size: 56
2025-11-25 18:47:23.540385 DEBUG::Object: summary_function, Size: 49424
2025-11-25 18:47:23.542009 DEBUG::Object: func_to_run, Size: 435336
2025-11-25 18:47:23.543605 INFO::Fitting model to feature number 1, Unclassified Proteobacteria;T01
2025-11-25 18:47:23.555419 INFO::Fitting model to feature number 2, Unclassified Enterobacteriaceae;T02
2025-11-25 18:47:23.563835 INFO::Fitting model to feature number 3, Unclassified Enterobacteriaceae;T03
2025-11-25 18:47:23.572939 INFO::Fitting model to feature number 4, Bacteroides;T04
2025-11-25 18:47:23.582321 INFO::Fitting model to feature number 5, Unclassified Ruminococcaceae;T05
2025-11-25 18:47:23.593065 INFO::Fitting model to feature number 6, Akkermansia;T06
2025-11-25 18:47:23.604167 INFO::Fitting model to feature number 7, Unclassified Firmicutes;T07
2025-11-25 18:47:23.616231 INFO::Fitting model to feature number 8, Coprococcus;T08
2025-11-25 18:47:23.628695 INFO::Fitting model to feature number 9, Prevotella;T09
2025-11-25 18:47:23.642283 INFO::Fitting model to feature number 10, Unclassified Rikenellaceae;T10
2025-11-25 18:47:23.656083 INFO::Fitting model to feature number 11, Faecalibacterium;T11
2025-11-25 18:47:23.668983 INFO::Fitting model to feature number 12, Unclassified Lachnospiraceae;T12
2025-11-25 18:47:23.681258 INFO::Fitting model to feature number 13, Lachnospira;T13
2025-11-25 18:47:23.691362 INFO::Fitting model to feature number 14, Blautia;T14
2025-11-25 18:47:23.701267 INFO::Fitting model to feature number 15, Unclassified Christensenellaceae;T15
2025-11-25 18:47:23.711405 INFO::Fitting model to feature number 16, Methanobrevibacter;T16
2025-11-25 18:47:23.720369 INFO::Fitting model to feature number 17, Parabacteroides;T17
2025-11-25 18:47:23.729692 INFO::Fitting model to feature number 18, Providencia;T18
2025-11-25 18:47:23.739917 INFO::Fitting model to feature number 19, Ruminococcus;T19
2025-11-25 18:47:23.749554 INFO::Fitting model to feature number 20, [Prevotella];T20
2025-11-25 18:47:23.75938 INFO::Fitting model to feature number 21, [Ruminococcus];T21
2025-11-25 18:47:23.768357 INFO::Fitting model to feature number 22, Serratia;T22
2025-11-25 18:47:23.780115 INFO::Fitting model to feature number 23, Dialister;T23
2025-11-25 18:47:23.793642 INFO::Fitting model to feature number 24, Dorea;T24
2025-11-25 18:47:23.804957 INFO::Fitting model to feature number 25, Roseburia;T25
2025-11-25 18:47:23.817148 INFO::Fitting model to feature number 26, Unclassified Erysipelotrichaceae;T26
2025-11-25 18:47:23.829222 INFO::Fitting model to feature number 27, Unclassified S24-7;T27
2025-11-25 18:47:23.838879 INFO::Fitting model to feature number 28, Pseudomonas;T28
2025-11-25 18:47:23.848501 INFO::Fitting model to feature number 29, Unclassified Proteobacteria;T29
2025-11-25 18:47:23.857863 INFO::Fitting model to feature number 30, Fusobacterium;T30
2025-11-25 18:47:23.867043 INFO::Fitting model to feature number 31, Unclassified [Barnesiellaceae];T31
2025-11-25 18:47:23.877377 INFO::Fitting model to feature number 32, Phascolarctobacterium;T32
2025-11-25 18:47:23.886129 INFO::Fitting model to feature number 33, Erwinia;T33
2025-11-25 18:47:23.89558 INFO::Fitting model to feature number 34, Sutterella;T34
2025-11-25 18:47:23.905821 INFO::Fitting model to feature number 35, Bilophila;T35
2025-11-25 18:47:23.914666 INFO::Fitting model to feature number 36, Unclassified Cyanobacteria;T36
2025-11-25 18:47:23.923992 INFO::Fitting model to feature number 37, Unclassified Firmicutes;T37
2025-11-25 18:47:23.932612 INFO::Fitting model to feature number 38, Oscillospira;T38
2025-11-25 18:47:23.941764 INFO::Fitting model to feature number 39, [Eubacterium];T39
2025-11-25 18:47:23.950037 INFO::Fitting model to feature number 40, Desulfovibrio;T40
2025-11-25 18:47:23.959388 INFO::Fitting model to feature number 41, Unclassified Lachnospiraceae;T41
2025-11-25 18:47:23.96847 INFO::Fitting model to feature number 42, Unclassified Tenericutes;T42
2025-11-25 18:47:23.979494 INFO::Fitting model to feature number 43, Unclassified Burkholderiaceae;T43
2025-11-25 18:47:23.985802 WARNING::Fitting problem for feature 43 returning NA
2025-11-25 18:47:23.990891 INFO::Fitting model to feature number 44, Synergistes;T44
2025-11-25 18:47:24.001122 INFO::Fitting model to feature number 45, Parvimonas;T45
2025-11-25 18:47:24.011722 INFO::Fitting model to feature number 46, Unclassified Clostridiaceae;T46
2025-11-25 18:47:24.0211 INFO::Fitting model to feature number 47, Unclassified Coriobacteriaceae;T47
2025-11-25 18:47:24.030599 INFO::Fitting model to feature number 48, Clostridium;T48
2025-11-25 18:47:24.040549 INFO::Fitting model to feature number 49, Veillonella;T49
2025-11-25 18:47:24.048985 INFO::Fitting model to feature number 50, Aggregatibacter;T50
2025-11-25 18:47:24.059751 INFO::Fitting model to feature number 51, Bifidobacterium;T51
2025-11-25 18:47:24.068418 INFO::Fitting model to feature number 52, Lachnobacterium;T52
2025-11-25 18:47:24.07481 WARNING::Fitting problem for feature 52 returning NA
2025-11-25 18:47:24.257931 WARNING::Deleting existing residuals file: maaslin3/X..SCFA.Acetate.out/fits/residuals_linear.rds
2025-11-25 18:47:24.260176 INFO::Writing residuals to file maaslin3/X..SCFA.Acetate.out/fits/residuals_linear.rds
2025-11-25 18:47:24.263706 WARNING::Deleting existing fitted file: maaslin3/X..SCFA.Acetate.out/fits/fitted_linear.rds
2025-11-25 18:47:24.266339 INFO::Writing fitted values to file maaslin3/X..SCFA.Acetate.out/fits/fitted_linear.rds
2025-11-25 18:47:24.27006 WARNING::Deleting existing residuals file: maaslin3/X..SCFA.Acetate.out/fits/residuals_logistic.rds
2025-11-25 18:47:24.274019 INFO::Writing residuals to file maaslin3/X..SCFA.Acetate.out/fits/residuals_logistic.rds
2025-11-25 18:47:24.281139 WARNING::Deleting existing fitted file: maaslin3/X..SCFA.Acetate.out/fits/fitted_logistic.rds
2025-11-25 18:47:24.285006 INFO::Writing fitted values to file maaslin3/X..SCFA.Acetate.out/fits/fitted_logistic.rds
2025-11-25 18:47:24.292825 INFO::Writing all the results to file (ordered 
            by increasing individual q-values): maaslin3/X..SCFA.Acetate.out/all_results.tsv
2025-11-25 18:47:24.311181 INFO::Writing the significant results without errors (those which have joint q-values less than or equal to the threshold of 0.100000 ) to file (ordered by increasing individual q-values): maaslin3/X..SCFA.Acetate.out/significant_results.tsv
2025-11-25 18:47:24.31457 INFO::Writing summary plot of significant
                        results to file: maaslin3/X..SCFA.Acetate.out/figures/summary_plot.pdf
