2025-11-25 18:47:31.471087 INFO::Writing function arguments to log file
2025-11-25 18:47:31.472969 DEBUG::Function arguments
2025-11-25 18:47:31.474541 DEBUG::Output folder: maaslin3/X..SCFA.Propionate.out
2025-11-25 18:47:31.476567 DEBUG::Formula: ~Year + Weight_lbs + X..SCFA.Propionate + Sum.Total.Cholesterol_mg.dL
2025-11-25 18:47:31.478205 DEBUG::Fixed effects:
2025-11-25 18:47:31.479335 DEBUG::Reference: Year,2019
2025-11-25 18:47:31.481104 DEBUG::Random effects:
2025-11-25 18:47:31.482285 DEBUG::Group effects:
2025-11-25 18:47:31.483371 DEBUG::Ordered effects:
2025-11-25 18:47:31.484441 DEBUG::Strata effects:
2025-11-25 18:47:31.485641 DEBUG::Min Abundance: 0.000000
2025-11-25 18:47:31.487245 DEBUG::Min Prevalence: 0.000000
2025-11-25 18:47:31.489063 DEBUG::Zero Threshold: 0.000000
2025-11-25 18:47:31.490197 DEBUG::Min variance: 0.000000
2025-11-25 18:47:31.491244 DEBUG::Max significance: 0.100000
2025-11-25 18:47:31.492226 DEBUG::Normalization: TSS
2025-11-25 18:47:31.493557 DEBUG::Transform: LOG
2025-11-25 18:47:31.49468 DEBUG::Correction method: BH
2025-11-25 18:47:31.495901 DEBUG::Standardize: TRUE
2025-11-25 18:47:31.497481 DEBUG::Abundance median comparison: TRUE
2025-11-25 18:47:31.499468 DEBUG::Prevalence median comparison: FALSE
2025-11-25 18:47:31.501079 DEBUG::Abundance median comparison threshold: 0
2025-11-25 18:47:31.502606 DEBUG::Prevalence median comparison threshold: 0
2025-11-25 18:47:31.504111 DEBUG::Subtract median: FALSE
2025-11-25 18:47:31.505499 DEBUG::Warn prevalence: TRUE
2025-11-25 18:47:31.506904 DEBUG::Small random effects: FALSE
2025-11-25 18:47:31.508312 DEBUG::Augment: TRUE
2025-11-25 18:47:31.509809 DEBUG::Evaluate only:
2025-11-25 18:47:31.511268 DEBUG::Cores: 1
2025-11-25 18:47:31.512748 DEBUG::Balanced Summary plot: FALSE
2025-11-25 18:47:31.514677 INFO::Verifying options selected are valid
2025-11-25 18:47:31.516838 WARNING::Input is a matrix,
                        passing through as.data.frame() .
2025-11-25 18:47:31.519506 INFO::Determining format of input files
2025-11-25 18:47:31.521409 INFO::Input format is data samples as columns and metadata samples as rows
2025-11-25 18:47:31.524934 DEBUG::Transformed data so samples are rows
2025-11-25 18:47:31.526335 DEBUG::A total of 156 samples were found in both the data and metadata
2025-11-25 18:47:31.52757 DEBUG::Reordering data/metadata to use same sample ordering
2025-11-25 18:47:31.532048 INFO::Running selected normalization method: TSS
2025-11-25 18:47:31.538175 INFO::Writing normalized data to file maaslin3/X..SCFA.Propionate.out/features/data_norm.tsv
2025-11-25 18:47:31.570887 INFO::Filter data based on min abundance and min prevalence
2025-11-25 18:47:31.572797 INFO::Total samples in data: 156
2025-11-25 18:47:31.575317 INFO::Min samples required with min abundance for a feature not to be filtered: 0.000000
2025-11-25 18:47:31.587062 INFO::Total filtered features: 0
2025-11-25 18:47:31.589764 INFO::Filtered feature names from abundance and prevalence filtering:
2025-11-25 18:47:31.593983 INFO::Total features filtered by non-zero variance filtering: 0
2025-11-25 18:47:31.597223 INFO::Filtered feature names from variance filtering:
2025-11-25 18:47:31.599769 INFO::Writing filtered data to file maaslin3/X..SCFA.Propionate.out/features/filtered_data.tsv
2025-11-25 18:47:31.632277 INFO::Running selected transform method: LOG
2025-11-25 18:47:31.63563 INFO::Writing normalized, filtered, transformed data to file maaslin3/X..SCFA.Propionate.out/features/data_transformed.tsv
2025-11-25 18:47:31.666949 INFO::Applying z-score to standardize continuous metadata
2025-11-25 18:47:31.749285 INFO::Running the linear model component
2025-11-25 18:47:31.757533 DEBUG::Object: augment, Size: 56
2025-11-25 18:47:31.758706 DEBUG::Object: cluster, Size: 0
2025-11-25 18:47:31.75979 DEBUG::Object: cores, Size: 56
2025-11-25 18:47:31.760883 DEBUG::Object: correction, Size: 112
2025-11-25 18:47:31.762019 DEBUG::Object: extract_out, Size: 1976
2025-11-25 18:47:31.764055 DEBUG::Object: feature_specific_covariate, Size: 0
2025-11-25 18:47:31.765421 DEBUG::Object: feature_specific_covariate_name, Size: 0
2025-11-25 18:47:31.766719 DEBUG::Object: feature_specific_covariate_record, Size: 0
2025-11-25 18:47:31.767948 DEBUG::Object: features, Size: 84072
2025-11-25 18:47:31.769038 DEBUG::Object: formula, Size: 1568
2025-11-25 18:47:31.770121 DEBUG::Object: fun_list, Size: 58768
2025-11-25 18:47:31.771297 DEBUG::Object: func_to_run, Size: 435336
2025-11-25 18:47:31.772374 DEBUG::Object: groups, Size: 48
2025-11-25 18:47:31.773456 DEBUG::Object: median_comparison, Size: 56
2025-11-25 18:47:31.774573 DEBUG::Object: median_comparison_threshold, Size: 56
2025-11-25 18:47:31.775945 DEBUG::Object: metadata, Size: 354576
2025-11-25 18:47:31.777196 DEBUG::Object: model, Size: 112
2025-11-25 18:47:31.77871 DEBUG::Object: model_function, Size: 8864
2025-11-25 18:47:31.780661 DEBUG::Object: ordereds, Size: 48
2025-11-25 18:47:31.782692 DEBUG::Object: random_effects_formula, Size: 0
2025-11-25 18:47:31.784483 DEBUG::Object: ranef_function, Size: 0
2025-11-25 18:47:31.786036 DEBUG::Object: save_models, Size: 56
2025-11-25 18:47:31.787497 DEBUG::Object: small_random_effects, Size: 56
2025-11-25 18:47:31.788882 DEBUG::Object: strata, Size: 48
2025-11-25 18:47:31.790491 DEBUG::Object: subtract_median, Size: 56
2025-11-25 18:47:31.792079 DEBUG::Object: summary_function, Size: 49424
2025-11-25 18:47:31.793864 DEBUG::Object: func_to_run, Size: 435336
2025-11-25 18:47:31.79562 INFO::Fitting model to feature number 1, Unclassified Proteobacteria;T01
2025-11-25 18:47:31.804427 INFO::Fitting model to feature number 2, Unclassified Enterobacteriaceae;T02
2025-11-25 18:47:31.81271 INFO::Fitting model to feature number 3, Unclassified Enterobacteriaceae;T03
2025-11-25 18:47:31.821744 INFO::Fitting model to feature number 4, Bacteroides;T04
2025-11-25 18:47:31.830092 INFO::Fitting model to feature number 5, Unclassified Ruminococcaceae;T05
2025-11-25 18:47:31.838987 INFO::Fitting model to feature number 6, Akkermansia;T06
2025-11-25 18:47:31.847947 INFO::Fitting model to feature number 7, Unclassified Firmicutes;T07
2025-11-25 18:47:31.856779 INFO::Fitting model to feature number 8, Coprococcus;T08
2025-11-25 18:47:31.86672 INFO::Fitting model to feature number 9, Prevotella;T09
2025-11-25 18:47:31.875922 INFO::Fitting model to feature number 10, Unclassified Rikenellaceae;T10
2025-11-25 18:47:31.885585 INFO::Fitting model to feature number 11, Faecalibacterium;T11
2025-11-25 18:47:31.894254 INFO::Fitting model to feature number 12, Unclassified Lachnospiraceae;T12
2025-11-25 18:47:31.905435 INFO::Fitting model to feature number 13, Lachnospira;T13
2025-11-25 18:47:31.915419 INFO::Fitting model to feature number 14, Blautia;T14
2025-11-25 18:47:31.924751 INFO::Fitting model to feature number 15, Unclassified Christensenellaceae;T15
2025-11-25 18:47:31.93473 INFO::Fitting model to feature number 16, Methanobrevibacter;T16
2025-11-25 18:47:31.943536 INFO::Fitting model to feature number 17, Parabacteroides;T17
2025-11-25 18:47:31.953032 INFO::Fitting model to feature number 18, Providencia;T18
2025-11-25 18:47:31.961472 INFO::Fitting model to feature number 19, Ruminococcus;T19
2025-11-25 18:47:31.970822 INFO::Fitting model to feature number 20, [Prevotella];T20
2025-11-25 18:47:31.980158 INFO::Fitting model to feature number 21, [Ruminococcus];T21
2025-11-25 18:47:31.989385 INFO::Fitting model to feature number 22, Serratia;T22
2025-11-25 18:47:31.999117 INFO::Fitting model to feature number 23, Dialister;T23
2025-11-25 18:47:32.007737 INFO::Fitting model to feature number 24, Dorea;T24
2025-11-25 18:47:32.016517 INFO::Fitting model to feature number 25, Roseburia;T25
2025-11-25 18:47:32.024982 INFO::Fitting model to feature number 26, Unclassified Erysipelotrichaceae;T26
2025-11-25 18:47:32.034106 INFO::Fitting model to feature number 27, Unclassified S24-7;T27
2025-11-25 18:47:32.042256 INFO::Fitting model to feature number 28, Pseudomonas;T28
2025-11-25 18:47:32.050963 INFO::Fitting model to feature number 29, Unclassified Proteobacteria;T29
2025-11-25 18:47:32.059546 INFO::Fitting model to feature number 30, Fusobacterium;T30
2025-11-25 18:47:32.071158 INFO::Fitting model to feature number 31, Unclassified [Barnesiellaceae];T31
2025-11-25 18:47:32.082302 INFO::Fitting model to feature number 32, Phascolarctobacterium;T32
2025-11-25 18:47:32.091727 INFO::Fitting model to feature number 33, Erwinia;T33
2025-11-25 18:47:32.104806 INFO::Fitting model to feature number 34, Sutterella;T34
2025-11-25 18:47:32.114103 INFO::Fitting model to feature number 35, Bilophila;T35
2025-11-25 18:47:32.125773 INFO::Fitting model to feature number 36, Unclassified Cyanobacteria;T36
2025-11-25 18:47:32.136989 INFO::Fitting model to feature number 37, Unclassified Firmicutes;T37
2025-11-25 18:47:32.146834 INFO::Fitting model to feature number 38, Oscillospira;T38
2025-11-25 18:47:32.155847 INFO::Fitting model to feature number 39, [Eubacterium];T39
2025-11-25 18:47:32.165711 INFO::Fitting model to feature number 40, Desulfovibrio;T40
2025-11-25 18:47:32.175142 INFO::Fitting model to feature number 41, Unclassified Lachnospiraceae;T41
2025-11-25 18:47:32.184365 INFO::Fitting model to feature number 42, Unclassified Tenericutes;T42
2025-11-25 18:47:32.192995 INFO::Fitting model to feature number 43, Unclassified Burkholderiaceae;T43
2025-11-25 18:47:32.200131 WARNING::Fitting problem for feature 43 returning NA
2025-11-25 18:47:32.205708 INFO::Fitting model to feature number 44, Synergistes;T44
2025-11-25 18:47:32.217872 INFO::Fitting model to feature number 45, Parvimonas;T45
2025-11-25 18:47:32.22686 INFO::Fitting model to feature number 46, Unclassified Clostridiaceae;T46
2025-11-25 18:47:32.236184 INFO::Fitting model to feature number 47, Unclassified Coriobacteriaceae;T47
2025-11-25 18:47:32.244697 INFO::Fitting model to feature number 48, Clostridium;T48
2025-11-25 18:47:32.255236 INFO::Fitting model to feature number 49, Veillonella;T49
2025-11-25 18:47:32.264675 INFO::Fitting model to feature number 50, Aggregatibacter;T50
2025-11-25 18:47:32.273098 INFO::Fitting model to feature number 51, Bifidobacterium;T51
2025-11-25 18:47:32.284711 INFO::Fitting model to feature number 52, Lachnobacterium;T52
2025-11-25 18:47:32.289866 WARNING::Fitting problem for feature 52 returning NA
2025-11-25 18:47:32.297475 INFO::Performing tests against medians
2025-11-25 18:47:35.266047 INFO::Counting total values for each feature
2025-11-25 18:47:35.274182 INFO::Running the logistic model component
2025-11-25 18:47:35.283354 DEBUG::Object: augment, Size: 56
2025-11-25 18:47:35.284544 DEBUG::Object: cluster, Size: 0
2025-11-25 18:47:35.28556 DEBUG::Object: cores, Size: 56
2025-11-25 18:47:35.286574 DEBUG::Object: correction, Size: 112
2025-11-25 18:47:35.287606 DEBUG::Object: extract_out, Size: 1976
2025-11-25 18:47:35.288846 DEBUG::Object: feature_specific_covariate, Size: 0
2025-11-25 18:47:35.290115 DEBUG::Object: feature_specific_covariate_name, Size: 0
2025-11-25 18:47:35.291231 DEBUG::Object: feature_specific_covariate_record, Size: 0
2025-11-25 18:47:35.292414 DEBUG::Object: features, Size: 81048
2025-11-25 18:47:35.294113 DEBUG::Object: formula, Size: 1568
2025-11-25 18:47:35.29532 DEBUG::Object: fun_list, Size: 70920
2025-11-25 18:47:35.296532 DEBUG::Object: func_to_run, Size: 435336
2025-11-25 18:47:35.29761 DEBUG::Object: groups, Size: 48
2025-11-25 18:47:35.298637 DEBUG::Object: median_comparison, Size: 56
2025-11-25 18:47:35.299764 DEBUG::Object: median_comparison_threshold, Size: 56
2025-11-25 18:47:35.301007 DEBUG::Object: metadata, Size: 354576
2025-11-25 18:47:35.30209 DEBUG::Object: model, Size: 120
2025-11-25 18:47:35.30317 DEBUG::Object: model_function, Size: 21016
2025-11-25 18:47:35.304336 DEBUG::Object: ordereds, Size: 48
2025-11-25 18:47:35.305843 DEBUG::Object: random_effects_formula, Size: 0
2025-11-25 18:47:35.307207 DEBUG::Object: ranef_function, Size: 0
2025-11-25 18:47:35.308322 DEBUG::Object: save_models, Size: 56
2025-11-25 18:47:35.309375 DEBUG::Object: small_random_effects, Size: 56
2025-11-25 18:47:35.310884 DEBUG::Object: strata, Size: 48
2025-11-25 18:47:35.312007 DEBUG::Object: subtract_median, Size: 56
2025-11-25 18:47:35.313042 DEBUG::Object: summary_function, Size: 49424
2025-11-25 18:47:35.314135 DEBUG::Object: func_to_run, Size: 435336
2025-11-25 18:47:35.315194 INFO::Fitting model to feature number 1, Unclassified Proteobacteria;T01
2025-11-25 18:47:35.331652 INFO::Fitting model to feature number 2, Unclassified Enterobacteriaceae;T02
2025-11-25 18:47:35.348111 INFO::Fitting model to feature number 3, Unclassified Enterobacteriaceae;T03
2025-11-25 18:47:35.351403 INFO::Fitting model to feature number 4, Bacteroides;T04
2025-11-25 18:47:35.354818 INFO::Fitting model to feature number 5, Unclassified Ruminococcaceae;T05
2025-11-25 18:47:35.358332 INFO::Fitting model to feature number 6, Akkermansia;T06
2025-11-25 18:47:35.362246 INFO::Fitting model to feature number 7, Unclassified Firmicutes;T07
2025-11-25 18:47:35.365855 INFO::Fitting model to feature number 8, Coprococcus;T08
2025-11-25 18:47:35.382155 INFO::Fitting model to feature number 9, Prevotella;T09
2025-11-25 18:47:35.487533 INFO::Fitting model to feature number 10, Unclassified Rikenellaceae;T10
2025-11-25 18:47:35.504832 INFO::Fitting model to feature number 11, Faecalibacterium;T11
2025-11-25 18:47:35.520244 INFO::Fitting model to feature number 12, Unclassified Lachnospiraceae;T12
2025-11-25 18:47:35.523491 INFO::Fitting model to feature number 13, Lachnospira;T13
2025-11-25 18:47:35.540178 INFO::Fitting model to feature number 14, Blautia;T14
2025-11-25 18:47:35.558425 INFO::Fitting model to feature number 15, Unclassified Christensenellaceae;T15
2025-11-25 18:47:35.575243 INFO::Fitting model to feature number 16, Methanobrevibacter;T16
2025-11-25 18:47:35.591732 INFO::Fitting model to feature number 17, Parabacteroides;T17
2025-11-25 18:47:35.609175 INFO::Fitting model to feature number 18, Providencia;T18
2025-11-25 18:47:35.62506 INFO::Fitting model to feature number 19, Ruminococcus;T19
2025-11-25 18:47:35.642083 INFO::Fitting model to feature number 20, [Prevotella];T20
2025-11-25 18:47:35.658146 INFO::Fitting model to feature number 21, [Ruminococcus];T21
2025-11-25 18:47:35.673991 INFO::Fitting model to feature number 22, Serratia;T22
2025-11-25 18:47:35.689726 INFO::Fitting model to feature number 23, Dialister;T23
2025-11-25 18:47:35.705547 INFO::Fitting model to feature number 24, Dorea;T24
2025-11-25 18:47:35.72126 INFO::Fitting model to feature number 25, Roseburia;T25
2025-11-25 18:47:35.737141 INFO::Fitting model to feature number 26, Unclassified Erysipelotrichaceae;T26
2025-11-25 18:47:35.753413 INFO::Fitting model to feature number 27, Unclassified S24-7;T27
2025-11-25 18:47:35.769306 INFO::Fitting model to feature number 28, Pseudomonas;T28
2025-11-25 18:47:35.785745 INFO::Fitting model to feature number 29, Unclassified Proteobacteria;T29
2025-11-25 18:47:35.802269 INFO::Fitting model to feature number 30, Fusobacterium;T30
2025-11-25 18:47:35.81897 INFO::Fitting model to feature number 31, Unclassified [Barnesiellaceae];T31
2025-11-25 18:47:35.838905 INFO::Fitting model to feature number 32, Phascolarctobacterium;T32
2025-11-25 18:47:35.855955 INFO::Fitting model to feature number 33, Erwinia;T33
2025-11-25 18:47:35.871894 INFO::Fitting model to feature number 34, Sutterella;T34
2025-11-25 18:47:35.887702 INFO::Fitting model to feature number 35, Bilophila;T35
2025-11-25 18:47:35.904312 INFO::Fitting model to feature number 36, Unclassified Cyanobacteria;T36
2025-11-25 18:47:35.920092 INFO::Fitting model to feature number 37, Unclassified Firmicutes;T37
2025-11-25 18:47:35.935673 INFO::Fitting model to feature number 38, Oscillospira;T38
2025-11-25 18:47:35.938901 INFO::Fitting model to feature number 39, [Eubacterium];T39
2025-11-25 18:47:35.954642 INFO::Fitting model to feature number 40, Desulfovibrio;T40
2025-11-25 18:47:35.970607 INFO::Fitting model to feature number 41, Unclassified Lachnospiraceae;T41
2025-11-25 18:47:35.986543 INFO::Fitting model to feature number 42, Unclassified Tenericutes;T42
2025-11-25 18:47:36.002945 INFO::Fitting model to feature number 43, Unclassified Burkholderiaceae;T43
2025-11-25 18:47:36.020221 INFO::Fitting model to feature number 44, Synergistes;T44
2025-11-25 18:47:36.038692 INFO::Fitting model to feature number 45, Parvimonas;T45
2025-11-25 18:47:36.054631 INFO::Fitting model to feature number 46, Unclassified Clostridiaceae;T46
2025-11-25 18:47:36.071007 INFO::Fitting model to feature number 47, Unclassified Coriobacteriaceae;T47
2025-11-25 18:47:36.089678 INFO::Fitting model to feature number 48, Clostridium;T48
2025-11-25 18:47:36.10587 INFO::Fitting model to feature number 49, Veillonella;T49
2025-11-25 18:47:36.119821 WARNING::Fitting problem for feature 49 a warning was issued
2025-11-25 18:47:36.122444 WARNING::Fitting problem for feature 49 a warning was issued
2025-11-25 18:47:36.129386 INFO::Fitting model to feature number 50, Aggregatibacter;T50
2025-11-25 18:47:36.145347 INFO::Fitting model to feature number 51, Bifidobacterium;T51
2025-11-25 18:47:36.161974 INFO::Fitting model to feature number 52, Lachnobacterium;T52
2025-11-25 18:47:36.230987 INFO::Counting total values for each feature
2025-11-25 18:47:36.238632 INFO::Re-running abundances for warn_prevalence
2025-11-25 18:47:36.240449 INFO::Running selected normalization method: TSS
2025-11-25 18:47:36.245637 INFO::Running selected transform method: LOG
2025-11-25 18:47:36.254695 DEBUG::Object: augment, Size: 56
2025-11-25 18:47:36.25589 DEBUG::Object: cluster, Size: 0
2025-11-25 18:47:36.257006 DEBUG::Object: cores, Size: 56
2025-11-25 18:47:36.258249 DEBUG::Object: correction, Size: 112
2025-11-25 18:47:36.259668 DEBUG::Object: extract_out, Size: 1976
2025-11-25 18:47:36.261297 DEBUG::Object: feature_specific_covariate, Size: 0
2025-11-25 18:47:36.262727 DEBUG::Object: feature_specific_covariate_name, Size: 0
2025-11-25 18:47:36.263841 DEBUG::Object: feature_specific_covariate_record, Size: 0
2025-11-25 18:47:36.264891 DEBUG::Object: features, Size: 84072
2025-11-25 18:47:36.265934 DEBUG::Object: formula, Size: 1568
2025-11-25 18:47:36.266962 DEBUG::Object: fun_list, Size: 58768
2025-11-25 18:47:36.268044 DEBUG::Object: func_to_run, Size: 435336
2025-11-25 18:47:36.269151 DEBUG::Object: groups, Size: 48
2025-11-25 18:47:36.270249 DEBUG::Object: median_comparison, Size: 56
2025-11-25 18:47:36.271478 DEBUG::Object: median_comparison_threshold, Size: 56
2025-11-25 18:47:36.272877 DEBUG::Object: metadata, Size: 354576
2025-11-25 18:47:36.274033 DEBUG::Object: model, Size: 112
2025-11-25 18:47:36.27513 DEBUG::Object: model_function, Size: 8864
2025-11-25 18:47:36.276716 DEBUG::Object: ordereds, Size: 48
2025-11-25 18:47:36.278241 DEBUG::Object: random_effects_formula, Size: 0
2025-11-25 18:47:36.279717 DEBUG::Object: ranef_function, Size: 0
2025-11-25 18:47:36.281187 DEBUG::Object: save_models, Size: 56
2025-11-25 18:47:36.282622 DEBUG::Object: small_random_effects, Size: 56
2025-11-25 18:47:36.284086 DEBUG::Object: strata, Size: 48
2025-11-25 18:47:36.285537 DEBUG::Object: subtract_median, Size: 56
2025-11-25 18:47:36.286903 DEBUG::Object: summary_function, Size: 49424
2025-11-25 18:47:36.288147 DEBUG::Object: func_to_run, Size: 435336
2025-11-25 18:47:36.28936 INFO::Fitting model to feature number 1, Unclassified Proteobacteria;T01
2025-11-25 18:47:36.298625 INFO::Fitting model to feature number 2, Unclassified Enterobacteriaceae;T02
2025-11-25 18:47:36.306698 INFO::Fitting model to feature number 3, Unclassified Enterobacteriaceae;T03
2025-11-25 18:47:36.315952 INFO::Fitting model to feature number 4, Bacteroides;T04
2025-11-25 18:47:36.323868 INFO::Fitting model to feature number 5, Unclassified Ruminococcaceae;T05
2025-11-25 18:47:36.332828 INFO::Fitting model to feature number 6, Akkermansia;T06
2025-11-25 18:47:36.34098 INFO::Fitting model to feature number 7, Unclassified Firmicutes;T07
2025-11-25 18:47:36.349581 INFO::Fitting model to feature number 8, Coprococcus;T08
2025-11-25 18:47:36.357506 INFO::Fitting model to feature number 9, Prevotella;T09
2025-11-25 18:47:36.366793 INFO::Fitting model to feature number 10, Unclassified Rikenellaceae;T10
2025-11-25 18:47:36.374789 INFO::Fitting model to feature number 11, Faecalibacterium;T11
2025-11-25 18:47:36.38411 INFO::Fitting model to feature number 12, Unclassified Lachnospiraceae;T12
2025-11-25 18:47:36.392944 INFO::Fitting model to feature number 13, Lachnospira;T13
2025-11-25 18:47:36.401167 INFO::Fitting model to feature number 14, Blautia;T14
2025-11-25 18:47:36.409803 INFO::Fitting model to feature number 15, Unclassified Christensenellaceae;T15
2025-11-25 18:47:36.418401 INFO::Fitting model to feature number 16, Methanobrevibacter;T16
2025-11-25 18:47:36.426959 INFO::Fitting model to feature number 17, Parabacteroides;T17
2025-11-25 18:47:36.435139 INFO::Fitting model to feature number 18, Providencia;T18
2025-11-25 18:47:36.444043 INFO::Fitting model to feature number 19, Ruminococcus;T19
2025-11-25 18:47:36.45474 INFO::Fitting model to feature number 20, [Prevotella];T20
2025-11-25 18:47:36.467937 INFO::Fitting model to feature number 21, [Ruminococcus];T21
2025-11-25 18:47:36.48089 INFO::Fitting model to feature number 22, Serratia;T22
2025-11-25 18:47:36.490141 INFO::Fitting model to feature number 23, Dialister;T23
2025-11-25 18:47:36.500078 INFO::Fitting model to feature number 24, Dorea;T24
2025-11-25 18:47:36.508381 INFO::Fitting model to feature number 25, Roseburia;T25
2025-11-25 18:47:36.517298 INFO::Fitting model to feature number 26, Unclassified Erysipelotrichaceae;T26
2025-11-25 18:47:36.525544 INFO::Fitting model to feature number 27, Unclassified S24-7;T27
2025-11-25 18:47:36.534398 INFO::Fitting model to feature number 28, Pseudomonas;T28
2025-11-25 18:47:36.54243 INFO::Fitting model to feature number 29, Unclassified Proteobacteria;T29
2025-11-25 18:47:36.551466 INFO::Fitting model to feature number 30, Fusobacterium;T30
2025-11-25 18:47:36.55984 INFO::Fitting model to feature number 31, Unclassified [Barnesiellaceae];T31
2025-11-25 18:47:36.567928 INFO::Fitting model to feature number 32, Phascolarctobacterium;T32
2025-11-25 18:47:36.576475 INFO::Fitting model to feature number 33, Erwinia;T33
2025-11-25 18:47:36.586161 INFO::Fitting model to feature number 34, Sutterella;T34
2025-11-25 18:47:36.595756 INFO::Fitting model to feature number 35, Bilophila;T35
2025-11-25 18:47:36.605565 INFO::Fitting model to feature number 36, Unclassified Cyanobacteria;T36
2025-11-25 18:47:36.614864 INFO::Fitting model to feature number 37, Unclassified Firmicutes;T37
2025-11-25 18:47:36.626939 INFO::Fitting model to feature number 38, Oscillospira;T38
2025-11-25 18:47:36.635633 INFO::Fitting model to feature number 39, [Eubacterium];T39
2025-11-25 18:47:36.646184 INFO::Fitting model to feature number 40, Desulfovibrio;T40
2025-11-25 18:47:36.659937 INFO::Fitting model to feature number 41, Unclassified Lachnospiraceae;T41
2025-11-25 18:47:36.669113 INFO::Fitting model to feature number 42, Unclassified Tenericutes;T42
2025-11-25 18:47:36.679674 INFO::Fitting model to feature number 43, Unclassified Burkholderiaceae;T43
2025-11-25 18:47:36.6848 WARNING::Fitting problem for feature 43 returning NA
2025-11-25 18:47:36.688331 INFO::Fitting model to feature number 44, Synergistes;T44
2025-11-25 18:47:36.69811 INFO::Fitting model to feature number 45, Parvimonas;T45
2025-11-25 18:47:36.706451 INFO::Fitting model to feature number 46, Unclassified Clostridiaceae;T46
2025-11-25 18:47:36.715104 INFO::Fitting model to feature number 47, Unclassified Coriobacteriaceae;T47
2025-11-25 18:47:36.723136 INFO::Fitting model to feature number 48, Clostridium;T48
2025-11-25 18:47:36.732161 INFO::Fitting model to feature number 49, Veillonella;T49
2025-11-25 18:47:36.74043 INFO::Fitting model to feature number 50, Aggregatibacter;T50
2025-11-25 18:47:36.749554 INFO::Fitting model to feature number 51, Bifidobacterium;T51
2025-11-25 18:47:36.757571 INFO::Fitting model to feature number 52, Lachnobacterium;T52
2025-11-25 18:47:36.763394 WARNING::Fitting problem for feature 52 returning NA
2025-11-25 18:47:36.854948 WARNING::Deleting existing residuals file: maaslin3/X..SCFA.Propionate.out/fits/residuals_linear.rds
2025-11-25 18:47:36.857897 INFO::Writing residuals to file maaslin3/X..SCFA.Propionate.out/fits/residuals_linear.rds
2025-11-25 18:47:36.86425 WARNING::Deleting existing fitted file: maaslin3/X..SCFA.Propionate.out/fits/fitted_linear.rds
2025-11-25 18:47:36.867758 INFO::Writing fitted values to file maaslin3/X..SCFA.Propionate.out/fits/fitted_linear.rds
2025-11-25 18:47:36.873162 WARNING::Deleting existing residuals file: maaslin3/X..SCFA.Propionate.out/fits/residuals_logistic.rds
2025-11-25 18:47:36.878442 INFO::Writing residuals to file maaslin3/X..SCFA.Propionate.out/fits/residuals_logistic.rds
2025-11-25 18:47:36.886054 WARNING::Deleting existing fitted file: maaslin3/X..SCFA.Propionate.out/fits/fitted_logistic.rds
2025-11-25 18:47:36.8894 INFO::Writing fitted values to file maaslin3/X..SCFA.Propionate.out/fits/fitted_logistic.rds
2025-11-25 18:47:36.896285 INFO::Writing all the results to file (ordered 
            by increasing individual q-values): maaslin3/X..SCFA.Propionate.out/all_results.tsv
2025-11-25 18:47:36.916238 INFO::Writing the significant results without errors (those which have joint q-values less than or equal to the threshold of 0.100000 ) to file (ordered by increasing individual q-values): maaslin3/X..SCFA.Propionate.out/significant_results.tsv
2025-11-25 18:47:36.920867 INFO::Writing summary plot of significant
                        results to file: maaslin3/X..SCFA.Propionate.out/figures/summary_plot.pdf
