2025-10-20 13:15:15.003526 INFO::Writing function arguments to log file
2025-10-20 13:15:15.012882 DEBUG::Function arguments
2025-10-20 13:15:15.024694 DEBUG::Output folder: .tmp.otu.amplicon_dmm_output
2025-10-20 13:15:15.026448 DEBUG::Formula: ~ DMM
2025-10-20 13:15:15.028556 DEBUG::Fixed effects:
2025-10-20 13:15:15.031335 DEBUG::Reference:
2025-10-20 13:15:15.034061 DEBUG::Random effects:
2025-10-20 13:15:15.036688 DEBUG::Group effects:
2025-10-20 13:15:15.039567 DEBUG::Ordered effects:
2025-10-20 13:15:15.042128 DEBUG::Strata effects:
2025-10-20 13:15:15.044608 DEBUG::Min Abundance: 0.000000
2025-10-20 13:15:15.047044 DEBUG::Min Prevalence: 0.000000
2025-10-20 13:15:15.049766 DEBUG::Zero Threshold: 0.000000
2025-10-20 13:15:15.052084 DEBUG::Min variance: 0.000000
2025-10-20 13:15:15.053447 DEBUG::Max significance: 0.100000
2025-10-20 13:15:15.054687 DEBUG::Normalization: TSS
2025-10-20 13:15:15.0561 DEBUG::Transform: LOG
2025-10-20 13:15:15.057346 DEBUG::Correction method: BH
2025-10-20 13:15:15.058477 DEBUG::Standardize: TRUE
2025-10-20 13:15:15.059505 DEBUG::Abundance median comparison: TRUE
2025-10-20 13:15:15.060614 DEBUG::Prevalence median comparison: FALSE
2025-10-20 13:15:15.061805 DEBUG::Abundance median comparison threshold: 0
2025-10-20 13:15:15.063036 DEBUG::Prevalence median comparison threshold: 0
2025-10-20 13:15:15.064574 DEBUG::Subtract median: FALSE
2025-10-20 13:15:15.065882 DEBUG::Warn prevalence: TRUE
2025-10-20 13:15:15.067303 DEBUG::Small random effects: FALSE
2025-10-20 13:15:15.068736 DEBUG::Augment: TRUE
2025-10-20 13:15:15.07011 DEBUG::Evaluate only:
2025-10-20 13:15:15.071352 DEBUG::Cores: 1
2025-10-20 13:15:15.072709 DEBUG::Balanced Summary plot: FALSE
2025-10-20 13:15:15.074266 INFO::Verifying options selected are valid
2025-10-20 13:15:15.076533 WARNING::Input is a matrix,
                        passing through as.data.frame() .
2025-10-20 13:15:15.081246 INFO::Determining format of input files
2025-10-20 13:15:15.084876 INFO::Input format is data samples as columns and metadata samples as rows
2025-10-20 13:15:15.091008 DEBUG::Transformed data so samples are rows
2025-10-20 13:15:15.09371 DEBUG::A total of 156 samples were found in both the data and metadata
2025-10-20 13:15:15.096492 DEBUG::Reordering data/metadata to use same sample ordering
2025-10-20 13:15:15.100798 INFO::Running selected normalization method: TSS
2025-10-20 13:15:15.107443 INFO::Creating output feature tables folder
2025-10-20 13:15:15.110539 INFO::Writing normalized data to file .tmp.otu.amplicon_dmm_output/features/data_norm.tsv
2025-10-20 13:15:15.143974 INFO::Filter data based on min abundance and min prevalence
2025-10-20 13:15:15.146099 INFO::Total samples in data: 156
2025-10-20 13:15:15.148561 INFO::Min samples required with min abundance for a feature not to be filtered: 0.000000
2025-10-20 13:15:15.161258 INFO::Total filtered features: 0
2025-10-20 13:15:15.164605 INFO::Filtered feature names from abundance and prevalence filtering:
2025-10-20 13:15:15.170578 INFO::Total features filtered by non-zero variance filtering: 0
2025-10-20 13:15:15.174024 INFO::Filtered feature names from variance filtering:
2025-10-20 13:15:15.176259 INFO::Writing filtered data to file .tmp.otu.amplicon_dmm_output/features/filtered_data.tsv
2025-10-20 13:15:15.206423 INFO::Running selected transform method: LOG
2025-10-20 13:15:15.210857 INFO::Writing normalized, filtered, transformed data to file .tmp.otu.amplicon_dmm_output/features/data_transformed.tsv
2025-10-20 13:15:15.242429 INFO::Factor detected for categorial metadata 'DMM'. Using as-is.
2025-10-20 13:15:15.245128 INFO::Applying z-score to standardize continuous metadata
2025-10-20 13:15:15.265976 INFO::Running the linear model component
2025-10-20 13:15:15.276583 DEBUG::Object: augment, Size: 56
2025-10-20 13:15:15.277763 DEBUG::Object: cluster, Size: 0
2025-10-20 13:15:15.278944 DEBUG::Object: cores, Size: 56
2025-10-20 13:15:15.280346 DEBUG::Object: correction, Size: 112
2025-10-20 13:15:15.281456 DEBUG::Object: extract_out, Size: 1136
2025-10-20 13:15:15.282612 DEBUG::Object: feature_specific_covariate, Size: 0
2025-10-20 13:15:15.283718 DEBUG::Object: feature_specific_covariate_name, Size: 0
2025-10-20 13:15:15.284736 DEBUG::Object: feature_specific_covariate_record, Size: 0
2025-10-20 13:15:15.285757 DEBUG::Object: features, Size: 82968
2025-10-20 13:15:15.286784 DEBUG::Object: formula, Size: 728
2025-10-20 13:15:15.287799 DEBUG::Object: fun_list, Size: 58768
2025-10-20 13:15:15.288973 DEBUG::Object: func_to_run, Size: 435336
2025-10-20 13:15:15.290156 DEBUG::Object: groups, Size: 48
2025-10-20 13:15:15.291274 DEBUG::Object: median_comparison, Size: 56
2025-10-20 13:15:15.292486 DEBUG::Object: median_comparison_threshold, Size: 56
2025-10-20 13:15:15.293617 DEBUG::Object: metadata, Size: 21688
2025-10-20 13:15:15.29469 DEBUG::Object: model, Size: 112
2025-10-20 13:15:15.296157 DEBUG::Object: model_function, Size: 8864
2025-10-20 13:15:15.297446 DEBUG::Object: ordereds, Size: 48
2025-10-20 13:15:15.298494 DEBUG::Object: random_effects_formula, Size: 0
2025-10-20 13:15:15.299524 DEBUG::Object: ranef_function, Size: 0
2025-10-20 13:15:15.300545 DEBUG::Object: save_models, Size: 56
2025-10-20 13:15:15.301544 DEBUG::Object: small_random_effects, Size: 56
2025-10-20 13:15:15.302624 DEBUG::Object: strata, Size: 48
2025-10-20 13:15:15.303715 DEBUG::Object: subtract_median, Size: 56
2025-10-20 13:15:15.304939 DEBUG::Object: summary_function, Size: 49424
2025-10-20 13:15:15.306692 DEBUG::Object: func_to_run, Size: 435336
2025-10-20 13:15:15.376683 INFO::Fitting model to feature number 1, T01
2025-10-20 13:15:15.479057 INFO::Fitting model to feature number 2, T02
2025-10-20 13:15:15.490468 INFO::Fitting model to feature number 3, T03
2025-10-20 13:15:15.500922 INFO::Fitting model to feature number 4, T04
2025-10-20 13:15:15.51108 INFO::Fitting model to feature number 5, T05
2025-10-20 13:15:15.523313 INFO::Fitting model to feature number 6, T06
2025-10-20 13:15:15.534266 INFO::Fitting model to feature number 7, T07
2025-10-20 13:15:15.540733 INFO::Fitting model to feature number 8, T08
2025-10-20 13:15:15.547745 INFO::Fitting model to feature number 9, T09
2025-10-20 13:15:15.555514 INFO::Fitting model to feature number 10, T10
2025-10-20 13:15:15.561823 INFO::Fitting model to feature number 11, T11
2025-10-20 13:15:15.569452 INFO::Fitting model to feature number 12, T12
2025-10-20 13:15:15.576401 INFO::Fitting model to feature number 13, T13
2025-10-20 13:15:15.582709 INFO::Fitting model to feature number 14, T14
2025-10-20 13:15:15.588865 INFO::Fitting model to feature number 15, T15
2025-10-20 13:15:15.594831 INFO::Fitting model to feature number 16, T16
2025-10-20 13:15:15.602115 INFO::Fitting model to feature number 17, T17
2025-10-20 13:15:15.608241 INFO::Fitting model to feature number 18, T18
2025-10-20 13:15:15.61521 INFO::Fitting model to feature number 19, T19
2025-10-20 13:15:15.621643 INFO::Fitting model to feature number 20, T20
2025-10-20 13:15:15.625869 INFO::Fitting model to feature number 21, T21
2025-10-20 13:15:15.631668 INFO::Fitting model to feature number 22, T22
2025-10-20 13:15:15.639671 INFO::Fitting model to feature number 23, T23
2025-10-20 13:15:15.646437 INFO::Fitting model to feature number 24, T24
2025-10-20 13:15:15.654754 INFO::Fitting model to feature number 25, T25
2025-10-20 13:15:15.661158 INFO::Fitting model to feature number 26, T26
2025-10-20 13:15:15.668423 INFO::Fitting model to feature number 27, T27
2025-10-20 13:15:15.675384 INFO::Fitting model to feature number 28, T28
2025-10-20 13:15:15.684103 INFO::Fitting model to feature number 29, T29
2025-10-20 13:15:15.693553 INFO::Fitting model to feature number 30, T30
2025-10-20 13:15:15.701374 INFO::Fitting model to feature number 31, T31
2025-10-20 13:15:15.707763 INFO::Fitting model to feature number 32, T32
2025-10-20 13:15:15.714854 INFO::Fitting model to feature number 33, T33
2025-10-20 13:15:15.724909 INFO::Fitting model to feature number 34, T34
2025-10-20 13:15:15.732977 INFO::Fitting model to feature number 35, T35
2025-10-20 13:15:15.740287 INFO::Fitting model to feature number 36, T36
2025-10-20 13:15:15.74703 INFO::Fitting model to feature number 37, T37
2025-10-20 13:15:15.754557 INFO::Fitting model to feature number 38, T38
2025-10-20 13:15:15.761893 INFO::Fitting model to feature number 39, T39
2025-10-20 13:15:15.768436 INFO::Fitting model to feature number 40, T40
2025-10-20 13:15:15.775419 INFO::Fitting model to feature number 41, T41
2025-10-20 13:15:15.781809 INFO::Fitting model to feature number 42, T42
2025-10-20 13:15:15.788029 INFO::Fitting model to feature number 43, T43
2025-10-20 13:15:15.791969 INFO::Fitting model to feature number 44, T44
2025-10-20 13:15:15.799438 INFO::Fitting model to feature number 45, T45
2025-10-20 13:15:15.805576 INFO::Fitting model to feature number 46, T46
2025-10-20 13:15:15.811738 INFO::Fitting model to feature number 47, T47
2025-10-20 13:15:15.817537 INFO::Fitting model to feature number 48, T48
2025-10-20 13:15:15.823964 INFO::Fitting model to feature number 49, T49
2025-10-20 13:15:15.829755 INFO::Fitting model to feature number 50, T50
2025-10-20 13:15:15.833667 INFO::Fitting model to feature number 51, T51
2025-10-20 13:15:15.840815 INFO::Fitting model to feature number 52, T52
2025-10-20 13:15:15.85053 INFO::Performing tests against medians
2025-10-20 13:15:19.079343 INFO::Counting total values for each feature
2025-10-20 13:15:19.094643 INFO::Running the logistic model component
2025-10-20 13:15:19.131199 DEBUG::Object: augment, Size: 56
2025-10-20 13:15:19.133748 DEBUG::Object: cluster, Size: 0
2025-10-20 13:15:19.136304 DEBUG::Object: cores, Size: 56
2025-10-20 13:15:19.138764 DEBUG::Object: correction, Size: 112
2025-10-20 13:15:19.141133 DEBUG::Object: extract_out, Size: 1136
2025-10-20 13:15:19.143519 DEBUG::Object: feature_specific_covariate, Size: 0
2025-10-20 13:15:19.145827 DEBUG::Object: feature_specific_covariate_name, Size: 0
2025-10-20 13:15:19.148208 DEBUG::Object: feature_specific_covariate_record, Size: 0
2025-10-20 13:15:19.149949 DEBUG::Object: features, Size: 79944
2025-10-20 13:15:19.151623 DEBUG::Object: formula, Size: 728
2025-10-20 13:15:19.153313 DEBUG::Object: fun_list, Size: 70920
2025-10-20 13:15:19.155103 DEBUG::Object: func_to_run, Size: 435336
2025-10-20 13:15:19.156763 DEBUG::Object: groups, Size: 48
2025-10-20 13:15:19.158617 DEBUG::Object: median_comparison, Size: 56
2025-10-20 13:15:19.159759 DEBUG::Object: median_comparison_threshold, Size: 56
2025-10-20 13:15:19.160825 DEBUG::Object: metadata, Size: 21688
2025-10-20 13:15:19.162015 DEBUG::Object: model, Size: 120
2025-10-20 13:15:19.163124 DEBUG::Object: model_function, Size: 21016
2025-10-20 13:15:19.164167 DEBUG::Object: ordereds, Size: 48
2025-10-20 13:15:19.165149 DEBUG::Object: random_effects_formula, Size: 0
2025-10-20 13:15:19.166131 DEBUG::Object: ranef_function, Size: 0
2025-10-20 13:15:19.167111 DEBUG::Object: save_models, Size: 56
2025-10-20 13:15:19.168123 DEBUG::Object: small_random_effects, Size: 56
2025-10-20 13:15:19.169195 DEBUG::Object: strata, Size: 48
2025-10-20 13:15:19.170097 DEBUG::Object: subtract_median, Size: 56
2025-10-20 13:15:19.171013 DEBUG::Object: summary_function, Size: 49424
2025-10-20 13:15:19.172043 DEBUG::Object: func_to_run, Size: 435336
2025-10-20 13:15:19.17307 INFO::Fitting model to feature number 1, T01
2025-10-20 13:15:19.187429 INFO::Fitting model to feature number 2, T02
2025-10-20 13:15:19.197453 INFO::Fitting model to feature number 3, T03
2025-10-20 13:15:19.200446 INFO::Fitting model to feature number 4, T04
2025-10-20 13:15:19.203383 INFO::Fitting model to feature number 5, T05
2025-10-20 13:15:19.206423 INFO::Fitting model to feature number 6, T06
2025-10-20 13:15:19.209378 INFO::Fitting model to feature number 7, T07
2025-10-20 13:15:19.212456 INFO::Fitting model to feature number 8, T08
2025-10-20 13:15:19.224012 INFO::Fitting model to feature number 9, T09
2025-10-20 13:15:19.234057 INFO::Fitting model to feature number 10, T10
2025-10-20 13:15:19.247407 INFO::Fitting model to feature number 11, T11
2025-10-20 13:15:19.259129 INFO::Fitting model to feature number 12, T12
2025-10-20 13:15:19.262507 INFO::Fitting model to feature number 13, T13
2025-10-20 13:15:19.273561 INFO::Fitting model to feature number 14, T14
2025-10-20 13:15:19.284001 INFO::Fitting model to feature number 15, T15
2025-10-20 13:15:19.294136 INFO::Fitting model to feature number 16, T16
2025-10-20 13:15:19.306688 INFO::Fitting model to feature number 17, T17
2025-10-20 13:15:19.317527 INFO::Fitting model to feature number 18, T18
2025-10-20 13:15:19.327977 INFO::Fitting model to feature number 19, T19
2025-10-20 13:15:19.348578 INFO::Fitting model to feature number 20, T20
2025-10-20 13:15:19.357737 INFO::Fitting model to feature number 21, T21
2025-10-20 13:15:19.36953 INFO::Fitting model to feature number 22, T22
2025-10-20 13:15:19.382085 INFO::Fitting model to feature number 23, T23
2025-10-20 13:15:19.395845 INFO::Fitting model to feature number 24, T24
2025-10-20 13:15:19.409668 INFO::Fitting model to feature number 25, T25
2025-10-20 13:15:19.419336 INFO::Fitting model to feature number 26, T26
2025-10-20 13:15:19.429723 INFO::Fitting model to feature number 27, T27
2025-10-20 13:15:19.439146 INFO::Fitting model to feature number 28, T28
2025-10-20 13:15:19.448085 INFO::Fitting model to feature number 29, T29
2025-10-20 13:15:19.457335 INFO::Fitting model to feature number 30, T30
2025-10-20 13:15:19.467093 INFO::Fitting model to feature number 31, T31
2025-10-20 13:15:19.479485 INFO::Fitting model to feature number 32, T32
2025-10-20 13:15:19.488785 INFO::Fitting model to feature number 33, T33
2025-10-20 13:15:19.499497 INFO::Fitting model to feature number 34, T34
2025-10-20 13:15:19.514599 INFO::Fitting model to feature number 35, T35
2025-10-20 13:15:19.530809 INFO::Fitting model to feature number 36, T36
2025-10-20 13:15:19.547217 INFO::Fitting model to feature number 37, T37
2025-10-20 13:15:19.574836 INFO::Fitting model to feature number 38, T38
2025-10-20 13:15:19.577736 INFO::Fitting model to feature number 39, T39
2025-10-20 13:15:19.586818 INFO::Fitting model to feature number 40, T40
2025-10-20 13:15:19.600038 INFO::Fitting model to feature number 41, T41
2025-10-20 13:15:19.613003 INFO::Fitting model to feature number 42, T42
2025-10-20 13:15:19.626002 INFO::Fitting model to feature number 43, T43
2025-10-20 13:15:19.638792 INFO::Fitting model to feature number 44, T44
2025-10-20 13:15:19.648547 INFO::Fitting model to feature number 45, T45
2025-10-20 13:15:19.657536 INFO::Fitting model to feature number 46, T46
2025-10-20 13:15:19.666504 INFO::Fitting model to feature number 47, T47
2025-10-20 13:15:19.67983 INFO::Fitting model to feature number 48, T48
2025-10-20 13:15:19.691475 INFO::Fitting model to feature number 49, T49
2025-10-20 13:15:19.705023 INFO::Fitting model to feature number 50, T50
2025-10-20 13:15:19.717279 INFO::Fitting model to feature number 51, T51
2025-10-20 13:15:19.728774 INFO::Fitting model to feature number 52, T52
2025-10-20 13:15:19.752758 INFO::Counting total values for each feature
2025-10-20 13:15:19.762351 INFO::Re-running abundances for warn_prevalence
2025-10-20 13:15:19.764093 INFO::Running selected normalization method: TSS
2025-10-20 13:15:19.782854 INFO::Running selected transform method: LOG
2025-10-20 13:15:19.791094 DEBUG::Object: augment, Size: 56
2025-10-20 13:15:19.792291 DEBUG::Object: cluster, Size: 0
2025-10-20 13:15:19.793322 DEBUG::Object: cores, Size: 56
2025-10-20 13:15:19.794354 DEBUG::Object: correction, Size: 112
2025-10-20 13:15:19.79538 DEBUG::Object: extract_out, Size: 1136
2025-10-20 13:15:19.796481 DEBUG::Object: feature_specific_covariate, Size: 0
2025-10-20 13:15:19.797762 DEBUG::Object: feature_specific_covariate_name, Size: 0
2025-10-20 13:15:19.799368 DEBUG::Object: feature_specific_covariate_record, Size: 0
2025-10-20 13:15:19.80101 DEBUG::Object: features, Size: 82968
2025-10-20 13:15:19.802454 DEBUG::Object: formula, Size: 728
2025-10-20 13:15:19.803535 DEBUG::Object: fun_list, Size: 58768
2025-10-20 13:15:19.804682 DEBUG::Object: func_to_run, Size: 435336
2025-10-20 13:15:19.805759 DEBUG::Object: groups, Size: 48
2025-10-20 13:15:19.806759 DEBUG::Object: median_comparison, Size: 56
2025-10-20 13:15:19.80775 DEBUG::Object: median_comparison_threshold, Size: 56
2025-10-20 13:15:19.808797 DEBUG::Object: metadata, Size: 21688
2025-10-20 13:15:19.809842 DEBUG::Object: model, Size: 112
2025-10-20 13:15:19.811033 DEBUG::Object: model_function, Size: 8864
2025-10-20 13:15:19.812262 DEBUG::Object: ordereds, Size: 48
2025-10-20 13:15:19.813405 DEBUG::Object: random_effects_formula, Size: 0
2025-10-20 13:15:19.814463 DEBUG::Object: ranef_function, Size: 0
2025-10-20 13:15:19.815533 DEBUG::Object: save_models, Size: 56
2025-10-20 13:15:19.816563 DEBUG::Object: small_random_effects, Size: 56
2025-10-20 13:15:19.817532 DEBUG::Object: strata, Size: 48
2025-10-20 13:15:19.818625 DEBUG::Object: subtract_median, Size: 56
2025-10-20 13:15:19.819643 DEBUG::Object: summary_function, Size: 49424
2025-10-20 13:15:19.820743 DEBUG::Object: func_to_run, Size: 435336
2025-10-20 13:15:19.821919 INFO::Fitting model to feature number 1, T01
2025-10-20 13:15:19.827837 INFO::Fitting model to feature number 2, T02
2025-10-20 13:15:19.833538 INFO::Fitting model to feature number 3, T03
2025-10-20 13:15:19.839525 INFO::Fitting model to feature number 4, T04
2025-10-20 13:15:19.847269 INFO::Fitting model to feature number 5, T05
2025-10-20 13:15:19.854676 INFO::Fitting model to feature number 6, T06
2025-10-20 13:15:19.860274 INFO::Fitting model to feature number 7, T07
2025-10-20 13:15:19.866204 INFO::Fitting model to feature number 8, T08
2025-10-20 13:15:19.87201 INFO::Fitting model to feature number 9, T09
2025-10-20 13:15:19.877988 INFO::Fitting model to feature number 10, T10
2025-10-20 13:15:19.884848 INFO::Fitting model to feature number 11, T11
2025-10-20 13:15:19.890874 INFO::Fitting model to feature number 12, T12
2025-10-20 13:15:19.896753 INFO::Fitting model to feature number 13, T13
2025-10-20 13:15:19.902803 INFO::Fitting model to feature number 14, T14
2025-10-20 13:15:19.908895 INFO::Fitting model to feature number 15, T15
2025-10-20 13:15:19.914797 INFO::Fitting model to feature number 16, T16
2025-10-20 13:15:19.921055 INFO::Fitting model to feature number 17, T17
2025-10-20 13:15:19.92746 INFO::Fitting model to feature number 18, T18
2025-10-20 13:15:19.933619 INFO::Fitting model to feature number 19, T19
2025-10-20 13:15:19.939598 INFO::Fitting model to feature number 20, T20
2025-10-20 13:15:19.943538 INFO::Fitting model to feature number 21, T21
2025-10-20 13:15:19.949562 INFO::Fitting model to feature number 22, T22
2025-10-20 13:15:19.955614 INFO::Fitting model to feature number 23, T23
2025-10-20 13:15:19.961755 INFO::Fitting model to feature number 24, T24
2025-10-20 13:15:19.968723 INFO::Fitting model to feature number 25, T25
2025-10-20 13:15:19.974957 INFO::Fitting model to feature number 26, T26
2025-10-20 13:15:19.980605 INFO::Fitting model to feature number 27, T27
2025-10-20 13:15:19.988211 INFO::Fitting model to feature number 28, T28
2025-10-20 13:15:19.994438 INFO::Fitting model to feature number 29, T29
2025-10-20 13:15:20.00132 INFO::Fitting model to feature number 30, T30
2025-10-20 13:15:20.007732 INFO::Fitting model to feature number 31, T31
2025-10-20 13:15:20.014175 INFO::Fitting model to feature number 32, T32
2025-10-20 13:15:20.020439 INFO::Fitting model to feature number 33, T33
2025-10-20 13:15:20.027885 INFO::Fitting model to feature number 34, T34
2025-10-20 13:15:20.036537 INFO::Fitting model to feature number 35, T35
2025-10-20 13:15:20.043374 INFO::Fitting model to feature number 36, T36
2025-10-20 13:15:20.051028 INFO::Fitting model to feature number 37, T37
2025-10-20 13:15:20.057443 INFO::Fitting model to feature number 38, T38
2025-10-20 13:15:20.063017 INFO::Fitting model to feature number 39, T39
2025-10-20 13:15:20.06935 INFO::Fitting model to feature number 40, T40
2025-10-20 13:15:20.075164 INFO::Fitting model to feature number 41, T41
2025-10-20 13:15:20.081496 INFO::Fitting model to feature number 42, T42
2025-10-20 13:15:20.087989 INFO::Fitting model to feature number 43, T43
2025-10-20 13:15:20.094795 INFO::Fitting model to feature number 44, T44
2025-10-20 13:15:20.104367 INFO::Fitting model to feature number 45, T45
2025-10-20 13:15:20.11358 INFO::Fitting model to feature number 46, T46
2025-10-20 13:15:20.120902 INFO::Fitting model to feature number 47, T47
2025-10-20 13:15:20.126856 INFO::Fitting model to feature number 48, T48
2025-10-20 13:15:20.134091 INFO::Fitting model to feature number 49, T49
2025-10-20 13:15:20.140007 INFO::Fitting model to feature number 50, T50
2025-10-20 13:15:20.144086 INFO::Fitting model to feature number 51, T51
2025-10-20 13:15:20.150775 INFO::Fitting model to feature number 52, T52
2025-10-20 13:15:20.242167 INFO::Creating fits folder
2025-10-20 13:15:20.244068 INFO::Writing residuals to file .tmp.otu.amplicon_dmm_output/fits/residuals_linear.rds
2025-10-20 13:15:20.248744 INFO::Writing fitted values to file .tmp.otu.amplicon_dmm_output/fits/fitted_linear.rds
2025-10-20 13:15:20.254745 INFO::Writing residuals to file .tmp.otu.amplicon_dmm_output/fits/residuals_logistic.rds
2025-10-20 13:15:20.269974 INFO::Writing fitted values to file .tmp.otu.amplicon_dmm_output/fits/fitted_logistic.rds
2025-10-20 13:15:20.285068 INFO::Writing all the results to file (ordered 
            by increasing individual q-values): .tmp.otu.amplicon_dmm_output/all_results.tsv
2025-10-20 13:15:20.316064 INFO::Writing the significant results without errors (those which have joint q-values less than or equal to the threshold of 0.100000 ) to file (ordered by increasing individual q-values): .tmp.otu.amplicon_dmm_output/significant_results.tsv
2025-10-20 13:15:20.325919 INFO::Creating output figures folder
2025-10-20 13:15:20.32944 INFO::Writing summary plot of significant
                        results to file: .tmp.otu.amplicon_dmm_output/figures/summary_plot.pdf
2025-10-20 13:15:24.959859 INFO::Writing association plots (one for each significant association) to output folder: .tmp.otu.amplicon_dmm_output/figures
2025-10-20 13:15:24.966126 INFO::Plotting associations from most to least significant, grouped by metadata
2025-10-20 13:15:24.977259 INFO::Creating box plot for categorical data (linear), 
                        DMM vs T03
2025-10-20 13:15:25.056719 INFO::Creating box plot for categorical data (linear), 
                        DMM vs T23
2025-10-20 13:15:25.123452 INFO::Creating box plot for categorical data (linear), 
                        DMM vs T32
2025-10-20 13:15:25.191406 INFO::Creating tile plot for categorical data (logistic), DMM vs T01
2025-10-20 13:15:25.275349 INFO::Creating tile plot for categorical data (logistic), DMM vs T30
2025-10-20 13:15:25.367011 INFO::Creating tile plot for categorical data (logistic), DMM vs T45
2025-10-20 13:15:25.445913 INFO::Creating box plot for categorical data (linear), 
                        DMM vs T48
2025-10-20 13:15:25.512044 INFO::Creating box plot for categorical data (linear), 
                        DMM vs T15
2025-10-20 13:15:25.58297 INFO::Creating box plot for categorical data (linear), 
                        DMM vs T18
2025-10-20 13:15:25.654888 INFO::Creating box plot for categorical data (linear), 
                        DMM vs T17
