2025-11-25 18:46:50.743807 INFO::Writing function arguments to log file
2025-11-25 18:46:50.745861 DEBUG::Function arguments
2025-11-25 18:46:50.747242 DEBUG::Output folder: maaslin3/Triglycerides_mg.dL.out
2025-11-25 18:46:50.748501 DEBUG::Formula: ~Year + Weight_lbs + Triglycerides_mg.dL
2025-11-25 18:46:50.750522 DEBUG::Fixed effects:
2025-11-25 18:46:50.752457 DEBUG::Reference: Year,2019
2025-11-25 18:46:50.754025 DEBUG::Random effects:
2025-11-25 18:46:50.755407 DEBUG::Group effects:
2025-11-25 18:46:50.756748 DEBUG::Ordered effects:
2025-11-25 18:46:50.757965 DEBUG::Strata effects:
2025-11-25 18:46:50.759102 DEBUG::Min Abundance: 0.000000
2025-11-25 18:46:50.76028 DEBUG::Min Prevalence: 0.000000
2025-11-25 18:46:50.761721 DEBUG::Zero Threshold: 0.000000
2025-11-25 18:46:50.762831 DEBUG::Min variance: 0.000000
2025-11-25 18:46:50.763865 DEBUG::Max significance: 0.100000
2025-11-25 18:46:50.764905 DEBUG::Normalization: TSS
2025-11-25 18:46:50.766258 DEBUG::Transform: LOG
2025-11-25 18:46:50.767673 DEBUG::Correction method: BH
2025-11-25 18:46:50.769067 DEBUG::Standardize: TRUE
2025-11-25 18:46:50.770253 DEBUG::Abundance median comparison: TRUE
2025-11-25 18:46:50.771781 DEBUG::Prevalence median comparison: FALSE
2025-11-25 18:46:50.773514 DEBUG::Abundance median comparison threshold: 0
2025-11-25 18:46:50.774971 DEBUG::Prevalence median comparison threshold: 0
2025-11-25 18:46:50.776708 DEBUG::Subtract median: FALSE
2025-11-25 18:46:50.778248 DEBUG::Warn prevalence: TRUE
2025-11-25 18:46:50.779474 DEBUG::Small random effects: FALSE
2025-11-25 18:46:50.780748 DEBUG::Augment: TRUE
2025-11-25 18:46:50.782018 DEBUG::Evaluate only:
2025-11-25 18:46:50.784658 DEBUG::Cores: 1
2025-11-25 18:46:50.787222 DEBUG::Balanced Summary plot: FALSE
2025-11-25 18:46:50.788843 INFO::Verifying options selected are valid
2025-11-25 18:46:50.791197 WARNING::Input is a matrix,
                        passing through as.data.frame() .
2025-11-25 18:46:50.794596 INFO::Determining format of input files
2025-11-25 18:46:50.798119 INFO::Input format is data samples as columns and metadata samples as rows
2025-11-25 18:46:50.803647 DEBUG::Transformed data so samples are rows
2025-11-25 18:46:50.805819 DEBUG::A total of 156 samples were found in both the data and metadata
2025-11-25 18:46:50.807784 DEBUG::Reordering data/metadata to use same sample ordering
2025-11-25 18:46:50.812825 INFO::Running selected normalization method: TSS
2025-11-25 18:46:50.820697 INFO::Writing normalized data to file maaslin3/Triglycerides_mg.dL.out/features/data_norm.tsv
2025-11-25 18:46:50.857858 INFO::Filter data based on min abundance and min prevalence
2025-11-25 18:46:50.861368 INFO::Total samples in data: 156
2025-11-25 18:46:50.867162 INFO::Min samples required with min abundance for a feature not to be filtered: 0.000000
2025-11-25 18:46:50.878566 INFO::Total filtered features: 0
2025-11-25 18:46:50.880803 INFO::Filtered feature names from abundance and prevalence filtering:
2025-11-25 18:46:50.884931 INFO::Total features filtered by non-zero variance filtering: 0
2025-11-25 18:46:50.887422 INFO::Filtered feature names from variance filtering:
2025-11-25 18:46:50.889713 INFO::Writing filtered data to file maaslin3/Triglycerides_mg.dL.out/features/filtered_data.tsv
2025-11-25 18:46:50.918902 INFO::Running selected transform method: LOG
2025-11-25 18:46:50.922572 INFO::Writing normalized, filtered, transformed data to file maaslin3/Triglycerides_mg.dL.out/features/data_transformed.tsv
2025-11-25 18:46:50.956612 INFO::Applying z-score to standardize continuous metadata
2025-11-25 18:46:51.057003 INFO::Running the linear model component
2025-11-25 18:46:51.066116 DEBUG::Object: augment, Size: 56
2025-11-25 18:46:51.067575 DEBUG::Object: cluster, Size: 0
2025-11-25 18:46:51.069141 DEBUG::Object: cores, Size: 56
2025-11-25 18:46:51.070497 DEBUG::Object: correction, Size: 112
2025-11-25 18:46:51.071997 DEBUG::Object: extract_out, Size: 1696
2025-11-25 18:46:51.073739 DEBUG::Object: feature_specific_covariate, Size: 0
2025-11-25 18:46:51.07558 DEBUG::Object: feature_specific_covariate_name, Size: 0
2025-11-25 18:46:51.076932 DEBUG::Object: feature_specific_covariate_record, Size: 0
2025-11-25 18:46:51.078248 DEBUG::Object: features, Size: 84072
2025-11-25 18:46:51.079528 DEBUG::Object: formula, Size: 1288
2025-11-25 18:46:51.080894 DEBUG::Object: fun_list, Size: 58768
2025-11-25 18:46:51.082628 DEBUG::Object: func_to_run, Size: 435336
2025-11-25 18:46:51.084441 DEBUG::Object: groups, Size: 48
2025-11-25 18:46:51.085923 DEBUG::Object: median_comparison, Size: 56
2025-11-25 18:46:51.087196 DEBUG::Object: median_comparison_threshold, Size: 56
2025-11-25 18:46:51.088914 DEBUG::Object: metadata, Size: 354576
2025-11-25 18:46:51.0904 DEBUG::Object: model, Size: 112
2025-11-25 18:46:51.091718 DEBUG::Object: model_function, Size: 8864
2025-11-25 18:46:51.093014 DEBUG::Object: ordereds, Size: 48
2025-11-25 18:46:51.094414 DEBUG::Object: random_effects_formula, Size: 0
2025-11-25 18:46:51.09587 DEBUG::Object: ranef_function, Size: 0
2025-11-25 18:46:51.09731 DEBUG::Object: save_models, Size: 56
2025-11-25 18:46:51.098674 DEBUG::Object: small_random_effects, Size: 56
2025-11-25 18:46:51.100392 DEBUG::Object: strata, Size: 48
2025-11-25 18:46:51.101661 DEBUG::Object: subtract_median, Size: 56
2025-11-25 18:46:51.10303 DEBUG::Object: summary_function, Size: 49424
2025-11-25 18:46:51.10461 DEBUG::Object: func_to_run, Size: 435336
2025-11-25 18:46:51.10602 INFO::Fitting model to feature number 1, Unclassified Proteobacteria;T01
2025-11-25 18:46:51.11599 INFO::Fitting model to feature number 2, Unclassified Enterobacteriaceae;T02
2025-11-25 18:46:51.126073 INFO::Fitting model to feature number 3, Unclassified Enterobacteriaceae;T03
2025-11-25 18:46:51.136965 INFO::Fitting model to feature number 4, Bacteroides;T04
2025-11-25 18:46:51.149251 INFO::Fitting model to feature number 5, Unclassified Ruminococcaceae;T05
2025-11-25 18:46:51.158672 INFO::Fitting model to feature number 6, Akkermansia;T06
2025-11-25 18:46:51.168686 INFO::Fitting model to feature number 7, Unclassified Firmicutes;T07
2025-11-25 18:46:51.178099 INFO::Fitting model to feature number 8, Coprococcus;T08
2025-11-25 18:46:51.189496 INFO::Fitting model to feature number 9, Prevotella;T09
2025-11-25 18:46:51.199164 INFO::Fitting model to feature number 10, Unclassified Rikenellaceae;T10
2025-11-25 18:46:51.20799 INFO::Fitting model to feature number 11, Faecalibacterium;T11
2025-11-25 18:46:51.218428 INFO::Fitting model to feature number 12, Unclassified Lachnospiraceae;T12
2025-11-25 18:46:51.231398 INFO::Fitting model to feature number 13, Lachnospira;T13
2025-11-25 18:46:51.242702 INFO::Fitting model to feature number 14, Blautia;T14
2025-11-25 18:46:51.252897 INFO::Fitting model to feature number 15, Unclassified Christensenellaceae;T15
2025-11-25 18:46:51.261573 INFO::Fitting model to feature number 16, Methanobrevibacter;T16
2025-11-25 18:46:51.270494 INFO::Fitting model to feature number 17, Parabacteroides;T17
2025-11-25 18:46:51.279089 INFO::Fitting model to feature number 18, Providencia;T18
2025-11-25 18:46:51.28878 INFO::Fitting model to feature number 19, Ruminococcus;T19
2025-11-25 18:46:51.298097 INFO::Fitting model to feature number 20, [Prevotella];T20
2025-11-25 18:46:51.307549 INFO::Fitting model to feature number 21, [Ruminococcus];T21
2025-11-25 18:46:51.318363 INFO::Fitting model to feature number 22, Serratia;T22
2025-11-25 18:46:51.328213 INFO::Fitting model to feature number 23, Dialister;T23
2025-11-25 18:46:51.339008 INFO::Fitting model to feature number 24, Dorea;T24
2025-11-25 18:46:51.347455 INFO::Fitting model to feature number 25, Roseburia;T25
2025-11-25 18:46:51.357145 INFO::Fitting model to feature number 26, Unclassified Erysipelotrichaceae;T26
2025-11-25 18:46:51.367671 INFO::Fitting model to feature number 27, Unclassified S24-7;T27
2025-11-25 18:46:51.381137 INFO::Fitting model to feature number 28, Pseudomonas;T28
2025-11-25 18:46:51.390952 INFO::Fitting model to feature number 29, Unclassified Proteobacteria;T29
2025-11-25 18:46:51.402481 INFO::Fitting model to feature number 30, Fusobacterium;T30
2025-11-25 18:46:51.414377 INFO::Fitting model to feature number 31, Unclassified [Barnesiellaceae];T31
2025-11-25 18:46:51.425465 INFO::Fitting model to feature number 32, Phascolarctobacterium;T32
2025-11-25 18:46:51.437716 INFO::Fitting model to feature number 33, Erwinia;T33
2025-11-25 18:46:51.44711 INFO::Fitting model to feature number 34, Sutterella;T34
2025-11-25 18:46:51.456331 INFO::Fitting model to feature number 35, Bilophila;T35
2025-11-25 18:46:51.468058 INFO::Fitting model to feature number 36, Unclassified Cyanobacteria;T36
2025-11-25 18:46:51.476895 INFO::Fitting model to feature number 37, Unclassified Firmicutes;T37
2025-11-25 18:46:51.486368 INFO::Fitting model to feature number 38, Oscillospira;T38
2025-11-25 18:46:51.495122 INFO::Fitting model to feature number 39, [Eubacterium];T39
2025-11-25 18:46:51.505229 INFO::Fitting model to feature number 40, Desulfovibrio;T40
2025-11-25 18:46:51.516134 INFO::Fitting model to feature number 41, Unclassified Lachnospiraceae;T41
2025-11-25 18:46:51.525647 INFO::Fitting model to feature number 42, Unclassified Tenericutes;T42
2025-11-25 18:46:51.536095 INFO::Fitting model to feature number 43, Unclassified Burkholderiaceae;T43
2025-11-25 18:46:51.541889 WARNING::Fitting problem for feature 43 returning NA
2025-11-25 18:46:51.546699 INFO::Fitting model to feature number 44, Synergistes;T44
2025-11-25 18:46:51.558931 INFO::Fitting model to feature number 45, Parvimonas;T45
2025-11-25 18:46:51.570522 INFO::Fitting model to feature number 46, Unclassified Clostridiaceae;T46
2025-11-25 18:46:51.579434 INFO::Fitting model to feature number 47, Unclassified Coriobacteriaceae;T47
2025-11-25 18:46:51.590858 INFO::Fitting model to feature number 48, Clostridium;T48
2025-11-25 18:46:51.604301 INFO::Fitting model to feature number 49, Veillonella;T49
2025-11-25 18:46:51.618537 INFO::Fitting model to feature number 50, Aggregatibacter;T50
2025-11-25 18:46:51.629031 INFO::Fitting model to feature number 51, Bifidobacterium;T51
2025-11-25 18:46:51.639123 INFO::Fitting model to feature number 52, Lachnobacterium;T52
2025-11-25 18:46:51.658973 INFO::Performing tests against medians
2025-11-25 18:46:54.852873 INFO::Counting total values for each feature
2025-11-25 18:46:54.860137 INFO::Running the logistic model component
2025-11-25 18:46:54.871518 DEBUG::Object: augment, Size: 56
2025-11-25 18:46:54.872873 DEBUG::Object: cluster, Size: 0
2025-11-25 18:46:54.874136 DEBUG::Object: cores, Size: 56
2025-11-25 18:46:54.87528 DEBUG::Object: correction, Size: 112
2025-11-25 18:46:54.876487 DEBUG::Object: extract_out, Size: 1696
2025-11-25 18:46:54.877646 DEBUG::Object: feature_specific_covariate, Size: 0
2025-11-25 18:46:54.878888 DEBUG::Object: feature_specific_covariate_name, Size: 0
2025-11-25 18:46:54.880775 DEBUG::Object: feature_specific_covariate_record, Size: 0
2025-11-25 18:46:54.883269 DEBUG::Object: features, Size: 81048
2025-11-25 18:46:54.885279 DEBUG::Object: formula, Size: 1288
2025-11-25 18:46:54.88715 DEBUG::Object: fun_list, Size: 70920
2025-11-25 18:46:54.889053 DEBUG::Object: func_to_run, Size: 435336
2025-11-25 18:46:54.890692 DEBUG::Object: groups, Size: 48
2025-11-25 18:46:54.892035 DEBUG::Object: median_comparison, Size: 56
2025-11-25 18:46:54.893263 DEBUG::Object: median_comparison_threshold, Size: 56
2025-11-25 18:46:54.894722 DEBUG::Object: metadata, Size: 354576
2025-11-25 18:46:54.896285 DEBUG::Object: model, Size: 120
2025-11-25 18:46:54.897852 DEBUG::Object: model_function, Size: 21016
2025-11-25 18:46:54.899644 DEBUG::Object: ordereds, Size: 48
2025-11-25 18:46:54.901398 DEBUG::Object: random_effects_formula, Size: 0
2025-11-25 18:46:54.902999 DEBUG::Object: ranef_function, Size: 0
2025-11-25 18:46:54.904275 DEBUG::Object: save_models, Size: 56
2025-11-25 18:46:54.905499 DEBUG::Object: small_random_effects, Size: 56
2025-11-25 18:46:54.906712 DEBUG::Object: strata, Size: 48
2025-11-25 18:46:54.90789 DEBUG::Object: subtract_median, Size: 56
2025-11-25 18:46:54.909146 DEBUG::Object: summary_function, Size: 49424
2025-11-25 18:46:54.910404 DEBUG::Object: func_to_run, Size: 435336
2025-11-25 18:46:54.911659 INFO::Fitting model to feature number 1, Unclassified Proteobacteria;T01
2025-11-25 18:46:54.931638 INFO::Fitting model to feature number 2, Unclassified Enterobacteriaceae;T02
2025-11-25 18:46:54.950007 INFO::Fitting model to feature number 3, Unclassified Enterobacteriaceae;T03
2025-11-25 18:46:54.953523 INFO::Fitting model to feature number 4, Bacteroides;T04
2025-11-25 18:46:54.956961 INFO::Fitting model to feature number 5, Unclassified Ruminococcaceae;T05
2025-11-25 18:46:54.960437 INFO::Fitting model to feature number 6, Akkermansia;T06
2025-11-25 18:46:54.964383 INFO::Fitting model to feature number 7, Unclassified Firmicutes;T07
2025-11-25 18:46:54.968446 INFO::Fitting model to feature number 8, Coprococcus;T08
2025-11-25 18:46:54.987297 INFO::Fitting model to feature number 9, Prevotella;T09
2025-11-25 18:46:55.008755 INFO::Fitting model to feature number 10, Unclassified Rikenellaceae;T10
2025-11-25 18:46:55.029823 INFO::Fitting model to feature number 11, Faecalibacterium;T11
2025-11-25 18:46:55.054379 INFO::Fitting model to feature number 12, Unclassified Lachnospiraceae;T12
2025-11-25 18:46:55.059885 INFO::Fitting model to feature number 13, Lachnospira;T13
2025-11-25 18:46:55.081957 INFO::Fitting model to feature number 14, Blautia;T14
2025-11-25 18:46:55.100445 INFO::Fitting model to feature number 15, Unclassified Christensenellaceae;T15
2025-11-25 18:46:55.119637 INFO::Fitting model to feature number 16, Methanobrevibacter;T16
2025-11-25 18:46:55.144994 INFO::Fitting model to feature number 17, Parabacteroides;T17
2025-11-25 18:46:55.164503 INFO::Fitting model to feature number 18, Providencia;T18
2025-11-25 18:46:55.185942 INFO::Fitting model to feature number 19, Ruminococcus;T19
2025-11-25 18:46:55.206369 INFO::Fitting model to feature number 20, [Prevotella];T20
2025-11-25 18:46:55.231599 INFO::Fitting model to feature number 21, [Ruminococcus];T21
2025-11-25 18:46:55.256989 INFO::Fitting model to feature number 22, Serratia;T22
2025-11-25 18:46:55.290017 INFO::Fitting model to feature number 23, Dialister;T23
2025-11-25 18:46:55.321973 INFO::Fitting model to feature number 24, Dorea;T24
2025-11-25 18:46:55.360032 INFO::Fitting model to feature number 25, Roseburia;T25
2025-11-25 18:46:55.397576 INFO::Fitting model to feature number 26, Unclassified Erysipelotrichaceae;T26
2025-11-25 18:46:55.429312 INFO::Fitting model to feature number 27, Unclassified S24-7;T27
2025-11-25 18:46:55.451557 INFO::Fitting model to feature number 28, Pseudomonas;T28
2025-11-25 18:46:55.480298 INFO::Fitting model to feature number 29, Unclassified Proteobacteria;T29
2025-11-25 18:46:55.511945 INFO::Fitting model to feature number 30, Fusobacterium;T30
2025-11-25 18:46:55.541466 WARNING::Fitting problem for feature 30 a warning was issued
2025-11-25 18:46:55.552856 INFO::Fitting model to feature number 31, Unclassified [Barnesiellaceae];T31
2025-11-25 18:46:55.584768 INFO::Fitting model to feature number 32, Phascolarctobacterium;T32
2025-11-25 18:46:55.612769 INFO::Fitting model to feature number 33, Erwinia;T33
2025-11-25 18:46:55.644604 INFO::Fitting model to feature number 34, Sutterella;T34
2025-11-25 18:46:55.672489 INFO::Fitting model to feature number 35, Bilophila;T35
2025-11-25 18:46:55.698039 INFO::Fitting model to feature number 36, Unclassified Cyanobacteria;T36
2025-11-25 18:46:55.724623 INFO::Fitting model to feature number 37, Unclassified Firmicutes;T37
2025-11-25 18:46:55.755283 INFO::Fitting model to feature number 38, Oscillospira;T38
2025-11-25 18:46:55.759532 INFO::Fitting model to feature number 39, [Eubacterium];T39
2025-11-25 18:46:55.787371 INFO::Fitting model to feature number 40, Desulfovibrio;T40
2025-11-25 18:46:55.816106 INFO::Fitting model to feature number 41, Unclassified Lachnospiraceae;T41
2025-11-25 18:46:55.84967 INFO::Fitting model to feature number 42, Unclassified Tenericutes;T42
2025-11-25 18:46:55.879187 INFO::Fitting model to feature number 43, Unclassified Burkholderiaceae;T43
2025-11-25 18:46:55.908046 INFO::Fitting model to feature number 44, Synergistes;T44
2025-11-25 18:46:55.933939 INFO::Fitting model to feature number 45, Parvimonas;T45
2025-11-25 18:46:55.963803 INFO::Fitting model to feature number 46, Unclassified Clostridiaceae;T46
2025-11-25 18:46:55.989051 INFO::Fitting model to feature number 47, Unclassified Coriobacteriaceae;T47
2025-11-25 18:46:56.015965 INFO::Fitting model to feature number 48, Clostridium;T48
2025-11-25 18:46:56.043126 INFO::Fitting model to feature number 49, Veillonella;T49
2025-11-25 18:46:56.074024 INFO::Fitting model to feature number 50, Aggregatibacter;T50
2025-11-25 18:46:56.109617 INFO::Fitting model to feature number 51, Bifidobacterium;T51
2025-11-25 18:46:56.136708 INFO::Fitting model to feature number 52, Lachnobacterium;T52
2025-11-25 18:46:56.34382 INFO::Counting total values for each feature
2025-11-25 18:46:56.355606 INFO::Re-running abundances for warn_prevalence
2025-11-25 18:46:56.358696 INFO::Running selected normalization method: TSS
2025-11-25 18:46:56.365563 INFO::Running selected transform method: LOG
2025-11-25 18:46:56.380908 DEBUG::Object: augment, Size: 56
2025-11-25 18:46:56.382425 DEBUG::Object: cluster, Size: 0
2025-11-25 18:46:56.38406 DEBUG::Object: cores, Size: 56
2025-11-25 18:46:56.385693 DEBUG::Object: correction, Size: 112
2025-11-25 18:46:56.387385 DEBUG::Object: extract_out, Size: 1696
2025-11-25 18:46:56.389095 DEBUG::Object: feature_specific_covariate, Size: 0
2025-11-25 18:46:56.390928 DEBUG::Object: feature_specific_covariate_name, Size: 0
2025-11-25 18:46:56.392837 DEBUG::Object: feature_specific_covariate_record, Size: 0
2025-11-25 18:46:56.394639 DEBUG::Object: features, Size: 84072
2025-11-25 18:46:56.397139 DEBUG::Object: formula, Size: 1288
2025-11-25 18:46:56.399529 DEBUG::Object: fun_list, Size: 58768
2025-11-25 18:46:56.401909 DEBUG::Object: func_to_run, Size: 435336
2025-11-25 18:46:56.404019 DEBUG::Object: groups, Size: 48
2025-11-25 18:46:56.406016 DEBUG::Object: median_comparison, Size: 56
2025-11-25 18:46:56.408133 DEBUG::Object: median_comparison_threshold, Size: 56
2025-11-25 18:46:56.410432 DEBUG::Object: metadata, Size: 354576
2025-11-25 18:46:56.412337 DEBUG::Object: model, Size: 112
2025-11-25 18:46:56.413938 DEBUG::Object: model_function, Size: 8864
2025-11-25 18:46:56.415615 DEBUG::Object: ordereds, Size: 48
2025-11-25 18:46:56.417178 DEBUG::Object: random_effects_formula, Size: 0
2025-11-25 18:46:56.418658 DEBUG::Object: ranef_function, Size: 0
2025-11-25 18:46:56.420113 DEBUG::Object: save_models, Size: 56
2025-11-25 18:46:56.421443 DEBUG::Object: small_random_effects, Size: 56
2025-11-25 18:46:56.422834 DEBUG::Object: strata, Size: 48
2025-11-25 18:46:56.424167 DEBUG::Object: subtract_median, Size: 56
2025-11-25 18:46:56.425685 DEBUG::Object: summary_function, Size: 49424
2025-11-25 18:46:56.427221 DEBUG::Object: func_to_run, Size: 435336
2025-11-25 18:46:56.4291 INFO::Fitting model to feature number 1, Unclassified Proteobacteria;T01
2025-11-25 18:46:56.439134 INFO::Fitting model to feature number 2, Unclassified Enterobacteriaceae;T02
2025-11-25 18:46:56.451485 INFO::Fitting model to feature number 3, Unclassified Enterobacteriaceae;T03
2025-11-25 18:46:56.467566 INFO::Fitting model to feature number 4, Bacteroides;T04
2025-11-25 18:46:56.480395 INFO::Fitting model to feature number 5, Unclassified Ruminococcaceae;T05
2025-11-25 18:46:56.491262 INFO::Fitting model to feature number 6, Akkermansia;T06
2025-11-25 18:46:56.503311 INFO::Fitting model to feature number 7, Unclassified Firmicutes;T07
2025-11-25 18:46:56.519214 INFO::Fitting model to feature number 8, Coprococcus;T08
2025-11-25 18:46:56.533567 INFO::Fitting model to feature number 9, Prevotella;T09
2025-11-25 18:46:56.547968 INFO::Fitting model to feature number 10, Unclassified Rikenellaceae;T10
2025-11-25 18:46:56.563515 INFO::Fitting model to feature number 11, Faecalibacterium;T11
2025-11-25 18:46:56.580054 INFO::Fitting model to feature number 12, Unclassified Lachnospiraceae;T12
2025-11-25 18:46:56.597429 INFO::Fitting model to feature number 13, Lachnospira;T13
2025-11-25 18:46:56.607561 INFO::Fitting model to feature number 14, Blautia;T14
2025-11-25 18:46:56.622822 INFO::Fitting model to feature number 15, Unclassified Christensenellaceae;T15
2025-11-25 18:46:56.633642 INFO::Fitting model to feature number 16, Methanobrevibacter;T16
2025-11-25 18:46:56.6444 INFO::Fitting model to feature number 17, Parabacteroides;T17
2025-11-25 18:46:56.656926 INFO::Fitting model to feature number 18, Providencia;T18
2025-11-25 18:46:56.667519 INFO::Fitting model to feature number 19, Ruminococcus;T19
2025-11-25 18:46:56.681932 INFO::Fitting model to feature number 20, [Prevotella];T20
2025-11-25 18:46:56.700175 INFO::Fitting model to feature number 21, [Ruminococcus];T21
2025-11-25 18:46:56.718206 INFO::Fitting model to feature number 22, Serratia;T22
2025-11-25 18:46:56.731932 INFO::Fitting model to feature number 23, Dialister;T23
2025-11-25 18:46:56.745729 INFO::Fitting model to feature number 24, Dorea;T24
2025-11-25 18:46:56.760783 INFO::Fitting model to feature number 25, Roseburia;T25
2025-11-25 18:46:56.774557 INFO::Fitting model to feature number 26, Unclassified Erysipelotrichaceae;T26
2025-11-25 18:46:56.796335 INFO::Fitting model to feature number 27, Unclassified S24-7;T27
2025-11-25 18:46:56.824918 INFO::Fitting model to feature number 28, Pseudomonas;T28
2025-11-25 18:46:56.847743 INFO::Fitting model to feature number 29, Unclassified Proteobacteria;T29
2025-11-25 18:46:56.863177 INFO::Fitting model to feature number 30, Fusobacterium;T30
2025-11-25 18:46:56.877475 INFO::Fitting model to feature number 31, Unclassified [Barnesiellaceae];T31
2025-11-25 18:46:56.893915 INFO::Fitting model to feature number 32, Phascolarctobacterium;T32
2025-11-25 18:46:56.911012 INFO::Fitting model to feature number 33, Erwinia;T33
2025-11-25 18:46:56.932636 INFO::Fitting model to feature number 34, Sutterella;T34
2025-11-25 18:46:56.951047 INFO::Fitting model to feature number 35, Bilophila;T35
2025-11-25 18:46:56.970155 INFO::Fitting model to feature number 36, Unclassified Cyanobacteria;T36
2025-11-25 18:46:56.993046 INFO::Fitting model to feature number 37, Unclassified Firmicutes;T37
2025-11-25 18:46:57.030008 INFO::Fitting model to feature number 38, Oscillospira;T38
2025-11-25 18:46:57.04921 INFO::Fitting model to feature number 39, [Eubacterium];T39
2025-11-25 18:46:57.080234 INFO::Fitting model to feature number 40, Desulfovibrio;T40
2025-11-25 18:46:57.099068 INFO::Fitting model to feature number 41, Unclassified Lachnospiraceae;T41
2025-11-25 18:46:57.11516 INFO::Fitting model to feature number 42, Unclassified Tenericutes;T42
2025-11-25 18:46:57.130881 INFO::Fitting model to feature number 43, Unclassified Burkholderiaceae;T43
2025-11-25 18:46:57.145739 WARNING::Fitting problem for feature 43 returning NA
2025-11-25 18:46:57.15791 INFO::Fitting model to feature number 44, Synergistes;T44
2025-11-25 18:46:57.174814 INFO::Fitting model to feature number 45, Parvimonas;T45
2025-11-25 18:46:57.191229 INFO::Fitting model to feature number 46, Unclassified Clostridiaceae;T46
2025-11-25 18:46:57.206129 INFO::Fitting model to feature number 47, Unclassified Coriobacteriaceae;T47
2025-11-25 18:46:57.22013 INFO::Fitting model to feature number 48, Clostridium;T48
2025-11-25 18:46:57.234216 INFO::Fitting model to feature number 49, Veillonella;T49
2025-11-25 18:46:57.247054 INFO::Fitting model to feature number 50, Aggregatibacter;T50
2025-11-25 18:46:57.262369 INFO::Fitting model to feature number 51, Bifidobacterium;T51
2025-11-25 18:46:57.278733 INFO::Fitting model to feature number 52, Lachnobacterium;T52
2025-11-25 18:46:57.431579 WARNING::Deleting existing residuals file: maaslin3/Triglycerides_mg.dL.out/fits/residuals_linear.rds
2025-11-25 18:46:57.436004 INFO::Writing residuals to file maaslin3/Triglycerides_mg.dL.out/fits/residuals_linear.rds
2025-11-25 18:46:57.444293 WARNING::Deleting existing fitted file: maaslin3/Triglycerides_mg.dL.out/fits/fitted_linear.rds
2025-11-25 18:46:57.449655 INFO::Writing fitted values to file maaslin3/Triglycerides_mg.dL.out/fits/fitted_linear.rds
2025-11-25 18:46:57.457235 WARNING::Deleting existing residuals file: maaslin3/Triglycerides_mg.dL.out/fits/residuals_logistic.rds
2025-11-25 18:46:57.464748 INFO::Writing residuals to file maaslin3/Triglycerides_mg.dL.out/fits/residuals_logistic.rds
2025-11-25 18:46:57.473501 WARNING::Deleting existing fitted file: maaslin3/Triglycerides_mg.dL.out/fits/fitted_logistic.rds
2025-11-25 18:46:57.495762 INFO::Writing fitted values to file maaslin3/Triglycerides_mg.dL.out/fits/fitted_logistic.rds
2025-11-25 18:46:57.519 INFO::Writing all the results to file (ordered 
            by increasing individual q-values): maaslin3/Triglycerides_mg.dL.out/all_results.tsv
2025-11-25 18:46:57.546602 INFO::Writing the significant results without errors (those which have joint q-values less than or equal to the threshold of 0.100000 ) to file (ordered by increasing individual q-values): maaslin3/Triglycerides_mg.dL.out/significant_results.tsv
2025-11-25 18:46:57.553421 INFO::Writing summary plot of significant
                        results to file: maaslin3/Triglycerides_mg.dL.out/figures/summary_plot.pdf
